#
# There is insufficient memory for the Java Runtime Environment to continue.
# Native memory allocation (malloc) failed to allocate 32756 bytes for ChunkPool::allocate
# Possible reasons:
#   The system is out of physical RAM or swap space
#   In 32 bit mode, the process size limit was hit
# Possible solutions:
#   Reduce memory load on the system
#   Increase physical memory or swap space
#   Check if swap backing store is full
#   Use 64 bit Java on a 64 bit OS
#   Decrease Java heap size (-Xmx/-Xms)
#   Decrease number of Java threads
#   Decrease Java thread stack sizes (-Xss)
#   Set larger code cache with -XX:ReservedCodeCacheSize=
# This output file may be truncated or incomplete.
#
#  Out of Memory Error (allocation.cpp:222), pid=4065, tid=198179648
#
# JRE version: 7.0_21-b02
# Java VM: OpenJDK Server VM (23.7-b01 mixed mode linux-x86 )
# Failed to write core dump. Core dumps have been disabled. To enable core dumping, try "ulimit -c unlimited" before starting Java again
#

---------------  T H R E A D  ---------------

Current thread (0x0c3fe800):  JavaThread "C2 CompilerThread1" daemon [_thread_in_native, id=4079, stack(0x0bc7f000,0x0bd00000)]

Stack: [0x0bc7f000,0x0bd00000]

Current CompileTask:
C2:   3694  197             weka.core.Attribute::toString (272 bytes)


---------------  P R O C E S S  ---------------

Java Threads: ( => current thread )
  0x0bde7000 JavaThread "process reaper" daemon [_thread_blocked, id=4085, stack(0x0e620000,0x0e631000)]
  0x0bd01400 JavaThread "Service Thread" daemon [_thread_blocked, id=4080, stack(0x0bc2e000,0x0bc7f000)]
=>0x0c3fe800 JavaThread "C2 CompilerThread1" daemon [_thread_in_native, id=4079, stack(0x0bc7f000,0x0bd00000)]
  0x0c3fc800 JavaThread "C2 CompilerThread0" daemon [_thread_blocked, id=4078, stack(0x0be2e000,0x0beaf000)]
  0x0c3b8c00 JavaThread "Finalizer" daemon [_thread_blocked, id=4076, stack(0x0e12e000,0x0e17f000)]
  0x0c3b6c00 JavaThread "Reference Handler" daemon [_thread_blocked, id=4075, stack(0x0e42e000,0x0e47f000)]

Other Threads:
  0x0c3b0800 VMThread [stack: 0x0c428000,0x0c4a9000] [id=4074]

VM state:at safepoint (normal execution)

VM Mutex/Monitor currently owned by a thread:  ([mutex/lock_event])
[0xb6504148] Threads_lock - owner thread: 0x0c3b0800
[0xb6504558] Heap_lock - owner thread: 0xb6506800

Heap
 PSYoungGen      total 746688K, used 354335K [0x7f2d0000, 0xb3420000, 0xb3420000)
  eden space 640064K, 52% used [0x7f2d0000,0x93c98de8,0xa63e0000)
  from space 106624K, 15% used [0xa63e0000,0xa741f0b0,0xacc00000)
  to   space 106624K, 0% used [0xacc00000,0xacc00000,0xb3420000)
 ParOldGen       total 1706688K, used 4K [0x17020000, 0x7f2d0000, 0x7f2d0000)
  object space 1706688K, 0% used [0x17020000,0x17021000,0x7f2d0000)
 PSPermGen       total 16384K, used 3392K [0x0f020000, 0x10020000, 0x17020000)
  object space 16384K, 20% used [0x0f020000,0x0f3701d8,0x10020000)

Card table byte_map: [0x0eafd000,0x0f020000] byte_map_base: 0x0ea84f00

Polling page: 0xb7753000

Code Cache  [0xb34e6000, 0xb3726000, 0xb64e6000)
 total_blobs=337 nmethods=214 adapters=75 free_code_cache=48513Kb largest_free_block=49657280

Compilation events (10 events):
Event: 3,414 Thread 0x0c3fc800 nmethod 206 0xb3583ec8 code [0xb3583fe0, 0xb35841d0]
Event: 3,432 Thread 0x0c3fc800  207             java.util.zip.Inflater::ensureOpen (47 bytes)
Event: 3,433 Thread 0x0c3fc800 nmethod 207 0xb3586688 code [0xb3586780, 0xb35867f0]
Event: 3,433 Thread 0x0c3fc800  208   !         java.util.zip.InflaterInputStream::read (138 bytes)
Event: 3,454 Thread 0x0c3fc800 nmethod 208 0xb3584e08 code [0xb3585020, 0xb3585c90]
Event: 3,454 Thread 0x0c3fc800  209   !         java.util.zip.Inflater::inflate (74 bytes)
Event: 3,461 Thread 0x0c3fc800 nmethod 209 0xb3588ac8 code [0xb3588c00, 0xb3588edc]
Event: 3,461 Thread 0x0c3fc800  211             java.util.zip.InflaterInputStream::ensureOpen (18 bytes)
Event: 3,462 Thread 0x0c3fc800 nmethod 211 0xb3589088 code [0xb3589180, 0xb35891d0]
Event: 3,462 Thread 0x0c3fc800  212             weka.core.Attribute$1::nextElement (27 bytes)

GC Heap History (2 events):
Event: 2,559 GC heap before
{Heap before GC invocations=1 (full 0):
 PSYoungGen      total 746688K, used 640064K [0x7f2d0000, 0xb3420000, 0xb3420000)
  eden space 640064K, 100% used [0x7f2d0000,0xa63e0000,0xa63e0000)
  from space 106624K, 0% used [0xacc00000,0xacc00000,0xb3420000)
  to   space 106624K, 0% used [0xa63e0000,0xa63e0000,0xacc00000)
 ParOldGen       total 1706688K, used 0K [0x17020000, 0x7f2d0000, 0x7f2d0000)
  object space 1706688K, 0% used [0x17020000,0x17020000,0x7f2d0000)
 PSPermGen       total 16384K, used 3091K [0x0f020000, 0x10020000, 0x17020000)
  object space 16384K, 18% used [0x0f020000,0x0f324f88,0x10020000)
Event: 2,582 GC heap after
Heap after GC invocations=1 (full 0):
 PSYoungGen      total 746688K, used 16636K [0x7f2d0000, 0xb3420000, 0xb3420000)
  eden space 640064K, 0% used [0x7f2d0000,0x7f2d0000,0xa63e0000)
  from space 106624K, 15% used [0xa63e0000,0xa741f0b0,0xacc00000)
  to   space 106624K, 0% used [0xacc00000,0xacc00000,0xb3420000)
 ParOldGen       total 1706688K, used 4K [0x17020000, 0x7f2d0000, 0x7f2d0000)
  object space 1706688K, 0% used [0x17020000,0x17021000,0x7f2d0000)
 PSPermGen       total 16384K, used 3091K [0x0f020000, 0x10020000, 0x17020000)
  object space 16384K, 18% used [0x0f020000,0x0f324f88,0x10020000)
}

Deoptimization events (10 events):
Event: 0,808 Thread 0xb6506800 Uncommon trap -122 fr.pc 0xb35344cc
Event: 1,041 Thread 0xb6506800 Uncommon trap -42 fr.pc 0xb354e418
Event: 1,041 Thread 0xb6506800 Uncommon trap -42 fr.pc 0xb354e418
Event: 1,041 Thread 0xb6506800 Uncommon trap -42 fr.pc 0xb354e418
Event: 1,041 Thread 0xb6506800 Uncommon trap -42 fr.pc 0xb354e418
Event: 2,587 Thread 0x0c3b8c00 Uncommon trap -83 fr.pc 0xb356cf18
Event: 2,970 Thread 0xb6506800 Uncommon trap -83 fr.pc 0xb3531054
Event: 2,982 Thread 0xb6506800 Uncommon trap -83 fr.pc 0xb35584d8
Event: 3,000 Thread 0xb6506800 Uncommon trap -83 fr.pc 0xb3555240
Event: 3,616 Thread 0xb6506800 Uncommon trap -34 fr.pc 0xb3560b4c

Internal exceptions (10 events):
Event: 2,994 Thread 0xb6506800 Threw 0x8ad00708 at /build/buildd/openjdk-7-7u21-2.3.9/build/openjdk/hotspot/src/share/vm/prims/jvm.cpp:1166
Event: 2,995 Thread 0xb6506800 Threw 0x8ad02fb8 at /build/buildd/openjdk-7-7u21-2.3.9/build/openjdk/hotspot/src/share/vm/prims/jvm.cpp:1166
Event: 2,996 Thread 0xb6506800 Threw 0x8ad05758 at /build/buildd/openjdk-7-7u21-2.3.9/build/openjdk/hotspot/src/share/vm/prims/jvm.cpp:1166
Event: 3,000 Thread 0xb6506800 Threw 0x8ad21198 at /build/buildd/openjdk-7-7u21-2.3.9/build/openjdk/hotspot/src/share/vm/prims/jvm.cpp:1166
Event: 3,001 Thread 0xb6506800 Threw 0x8ad23a80 at /build/buildd/openjdk-7-7u21-2.3.9/build/openjdk/hotspot/src/share/vm/prims/jvm.cpp:1166
Event: 3,001 Thread 0xb6506800 Threw 0x8ad26318 at /build/buildd/openjdk-7-7u21-2.3.9/build/openjdk/hotspot/src/share/vm/prims/jvm.cpp:1166
Event: 3,013 Thread 0xb6506800 Threw 0x8ad2f708 at /build/buildd/openjdk-7-7u21-2.3.9/build/openjdk/hotspot/src/share/vm/prims/jvm.cpp:1166
Event: 3,014 Thread 0xb6506800 Threw 0x8ad32900 at /build/buildd/openjdk-7-7u21-2.3.9/build/openjdk/hotspot/src/share/vm/prims/jvm.cpp:1166
Event: 3,616 Thread 0xb6506800 Threw 0x93651488 at /build/buildd/openjdk-7-7u21-2.3.9/build/openjdk/hotspot/src/share/vm/prims/jni.cpp:742
Event: 3,618 Thread 0xb6506800 Threw 0x936517d8 at /build/buildd/openjdk-7-7u21-2.3.9/build/openjdk/hotspot/src/share/vm/classfile/systemDictionary.cpp:177

Events (10 events):
Event: 3,616 Thread 0xb6506800 DEOPT PACKING pc=0xb3560b4c sp=0xb66bfdc0
Event: 3,616 Thread 0xb6506800 DEOPT UNPACKING pc=0xb3513efc sp=0xb66bfd84 mode 2
Event: 3,616 loading class 0xb655fc98
Event: 3,618 loading class 0xb655fc98 done
Event: 3,620 Thread 0xb6506800 Thread exited: 0xb6506800
Event: 3,620 Thread 0xb6506800 Thread added: 0xb6506800
Event: 3,620 loading class 0xb6534e78
Event: 3,621 loading class 0xb6534e78 done
Event: 3,621 Thread 0x0c3fac00 Thread exited: 0x0c3fac00
Event: 3,621 Thread 0xb6506800 Thread exited: 0xb6506800


Dynamic libraries:
00010000-00100000 rw-p 00000000 00:00 0 
00100000-001fe000 rw-p 00000000 00:00 0 
001fe000-00200000 ---p 00000000 00:00 0 
00200000-002fe000 rw-p 00000000 00:00 0 
002fe000-00300000 ---p 00000000 00:00 0 
00300000-003fe000 rw-p 00000000 00:00 0 
003fe000-00400000 ---p 00000000 00:00 0 
00400000-004fe000 rw-p 00000000 00:00 0 
004fe000-00500000 ---p 00000000 00:00 0 
00500000-005fe000 rw-p 00000000 00:00 0 
005fe000-00600000 ---p 00000000 00:00 0 
00600000-006fe000 rw-p 00000000 00:00 0 
006fe000-00700000 ---p 00000000 00:00 0 
00700000-007fe000 rw-p 00000000 00:00 0 
007fe000-00800000 ---p 00000000 00:00 0 
00800000-008fe000 rw-p 00000000 00:00 0 
008fe000-00900000 ---p 00000000 00:00 0 
00900000-009fe000 rw-p 00000000 00:00 0 
009fe000-00a00000 ---p 00000000 00:00 0 
00a00000-00afe000 rw-p 00000000 00:00 0 
00afe000-00b00000 ---p 00000000 00:00 0 
00b00000-00bfe000 rw-p 00000000 00:00 0 
00bfe000-00c00000 ---p 00000000 00:00 0 
00c00000-00cfe000 rw-p 00000000 00:00 0 
00cfe000-00d00000 ---p 00000000 00:00 0 
00d00000-00dfe000 rw-p 00000000 00:00 0 
00dfe000-00e00000 ---p 00000000 00:00 0 
00e00000-00efe000 rw-p 00000000 00:00 0 
00efe000-00f00000 ---p 00000000 00:00 0 
00f00000-00ffe000 rw-p 00000000 00:00 0 
00ffe000-01000000 ---p 00000000 00:00 0 
01000000-010fe000 rw-p 00000000 00:00 0 
010fe000-01100000 ---p 00000000 00:00 0 
01100000-011fe000 rw-p 00000000 00:00 0 
011fe000-01200000 ---p 00000000 00:00 0 
01200000-012fe000 rw-p 00000000 00:00 0 
012fe000-01300000 ---p 00000000 00:00 0 
01300000-013fe000 rw-p 00000000 00:00 0 
013fe000-01400000 ---p 00000000 00:00 0 
01400000-014fe000 rw-p 00000000 00:00 0 
014fe000-01500000 ---p 00000000 00:00 0 
01500000-015fe000 rw-p 00000000 00:00 0 
015fe000-01600000 ---p 00000000 00:00 0 
01600000-016fe000 rw-p 00000000 00:00 0 
016fe000-01700000 ---p 00000000 00:00 0 
01700000-017fe000 rw-p 00000000 00:00 0 
017fe000-01800000 ---p 00000000 00:00 0 
01800000-018fe000 rw-p 00000000 00:00 0 
018fe000-01900000 ---p 00000000 00:00 0 
01900000-019fe000 rw-p 00000000 00:00 0 
019fe000-01a00000 ---p 00000000 00:00 0 
01a00000-01afe000 rw-p 00000000 00:00 0 
01afe000-01b00000 ---p 00000000 00:00 0 
01b00000-01bfe000 rw-p 00000000 00:00 0 
01bfe000-01c00000 ---p 00000000 00:00 0 
01c00000-01cfe000 rw-p 00000000 00:00 0 
01cfe000-01d00000 ---p 00000000 00:00 0 
01d00000-01dfe000 rw-p 00000000 00:00 0 
01dfe000-01e00000 ---p 00000000 00:00 0 
01e00000-01efe000 rw-p 00000000 00:00 0 
01efe000-01f00000 ---p 00000000 00:00 0 
01f00000-01ffe000 rw-p 00000000 00:00 0 
01ffe000-02000000 ---p 00000000 00:00 0 
02000000-020fe000 rw-p 00000000 00:00 0 
020fe000-02100000 ---p 00000000 00:00 0 
02100000-021fe000 rw-p 00000000 00:00 0 
021fe000-02200000 ---p 00000000 00:00 0 
02200000-022fe000 rw-p 00000000 00:00 0 
022fe000-02300000 ---p 00000000 00:00 0 
02300000-023fe000 rw-p 00000000 00:00 0 
023fe000-02400000 ---p 00000000 00:00 0 
02400000-024fe000 rw-p 00000000 00:00 0 
024fe000-02500000 ---p 00000000 00:00 0 
02500000-025fe000 rw-p 00000000 00:00 0 
025fe000-02600000 ---p 00000000 00:00 0 
02600000-026fe000 rw-p 00000000 00:00 0 
026fe000-02700000 ---p 00000000 00:00 0 
02700000-027fe000 rw-p 00000000 00:00 0 
027fe000-02800000 ---p 00000000 00:00 0 
02800000-028fe000 rw-p 00000000 00:00 0 
028fe000-02900000 ---p 00000000 00:00 0 
02900000-029fe000 rw-p 00000000 00:00 0 
029fe000-02a00000 ---p 00000000 00:00 0 
02a00000-02afe000 rw-p 00000000 00:00 0 
02afe000-02b00000 ---p 00000000 00:00 0 
02b00000-02bfe000 rw-p 00000000 00:00 0 
02bfe000-02c00000 ---p 00000000 00:00 0 
02c00000-02cfe000 rw-p 00000000 00:00 0 
02cfe000-02d00000 ---p 00000000 00:00 0 
02d00000-02dfe000 rw-p 00000000 00:00 0 
02dfe000-02e00000 ---p 00000000 00:00 0 
02e00000-08048000 rw-p 00000000 00:00 0 
08048000-08049000 r-xp 00000000 08:05 136333     /usr/lib/jvm/java-7-openjdk-i386/jre/bin/java
08049000-0804a000 r--p 00000000 08:05 136333     /usr/lib/jvm/java-7-openjdk-i386/jre/bin/java
0804a000-0804b000 rw-p 00001000 08:05 136333     /usr/lib/jvm/java-7-openjdk-i386/jre/bin/java
0804c000-08100000 rw-p 00000000 00:00 0 
08100000-081fe000 rw-p 00000000 00:00 0 
081fe000-08200000 ---p 00000000 00:00 0 
08200000-082fe000 rw-p 00000000 00:00 0 
082fe000-08300000 ---p 00000000 00:00 0 
08300000-083fe000 rw-p 00000000 00:00 0 
083fe000-08400000 ---p 00000000 00:00 0 
08400000-084fe000 rw-p 00000000 00:00 0 
084fe000-08500000 ---p 00000000 00:00 0 
08500000-085fe000 rw-p 00000000 00:00 0 
085fe000-08600000 ---p 00000000 00:00 0 
08600000-086fe000 rw-p 00000000 00:00 0 
086fe000-08700000 ---p 00000000 00:00 0 
08700000-087fe000 rw-p 00000000 00:00 0 
087fe000-08800000 ---p 00000000 00:00 0 
08800000-088fe000 rw-p 00000000 00:00 0 
088fe000-08900000 ---p 00000000 00:00 0 
08900000-089fe000 rw-p 00000000 00:00 0 
089fe000-08a00000 ---p 00000000 00:00 0 
08a00000-08afe000 rw-p 00000000 00:00 0 
08afe000-08b00000 ---p 00000000 00:00 0 
08b00000-08bfe000 rw-p 00000000 00:00 0 
08bfe000-08c00000 ---p 00000000 00:00 0 
08c00000-08cfe000 rw-p 00000000 00:00 0 
08cfe000-08d00000 ---p 00000000 00:00 0 
08d00000-08dfe000 rw-p 00000000 00:00 0 
08dfe000-08e00000 ---p 00000000 00:00 0 
08e00000-08e4f000 rw-p 00000000 00:00 0          [heap]
08e4f000-08f00000 rw-p 00000000 00:00 0 
08f00000-08ffe000 rw-p 00000000 00:00 0 
08ffe000-09000000 ---p 00000000 00:00 0 
09000000-090fe000 rw-p 00000000 00:00 0 
090fe000-09100000 ---p 00000000 00:00 0 
09100000-091fe000 rw-p 00000000 00:00 0 
091fe000-09200000 ---p 00000000 00:00 0 
09200000-092fe000 rw-p 00000000 00:00 0 
092fe000-09300000 ---p 00000000 00:00 0 
09300000-093fe000 rw-p 00000000 00:00 0 
093fe000-09400000 ---p 00000000 00:00 0 
09400000-094fe000 rw-p 00000000 00:00 0 
094fe000-09500000 ---p 00000000 00:00 0 
09500000-095fe000 rw-p 00000000 00:00 0 
095fe000-09600000 ---p 00000000 00:00 0 
09600000-096fe000 rw-p 00000000 00:00 0 
096fe000-09700000 ---p 00000000 00:00 0 
09700000-097fe000 rw-p 00000000 00:00 0 
097fe000-09800000 ---p 00000000 00:00 0 
09800000-098fe000 rw-p 00000000 00:00 0 
098fe000-09900000 ---p 00000000 00:00 0 
09900000-099fe000 rw-p 00000000 00:00 0 
099fe000-09a00000 ---p 00000000 00:00 0 
09a00000-09afe000 rw-p 00000000 00:00 0 
09afe000-09b00000 ---p 00000000 00:00 0 
09b00000-09bfe000 rw-p 00000000 00:00 0 
09bfe000-09c00000 ---p 00000000 00:00 0 
09c00000-09cfe000 rw-p 00000000 00:00 0 
09cfe000-09d00000 ---p 00000000 00:00 0 
09d00000-09dfe000 rw-p 00000000 00:00 0 
09dfe000-09e00000 ---p 00000000 00:00 0 
09e00000-09efe000 rw-p 00000000 00:00 0 
09efe000-09f00000 ---p 00000000 00:00 0 
09f00000-09ffe000 rw-p 00000000 00:00 0 
09ffe000-0a000000 ---p 00000000 00:00 0 
0a000000-0a0fe000 rw-p 00000000 00:00 0 
0a0fe000-0a100000 ---p 00000000 00:00 0 
0a100000-0a1fe000 rw-p 00000000 00:00 0 
0a1fe000-0a200000 ---p 00000000 00:00 0 
0a200000-0a2fe000 rw-p 00000000 00:00 0 
0a2fe000-0a300000 ---p 00000000 00:00 0 
0a300000-0a3fe000 rw-p 00000000 00:00 0 
0a3fe000-0a400000 ---p 00000000 00:00 0 
0a400000-0a4fe000 rw-p 00000000 00:00 0 
0a4fe000-0a500000 ---p 00000000 00:00 0 
0a500000-0a5fe000 rw-p 00000000 00:00 0 
0a5fe000-0a600000 ---p 00000000 00:00 0 
0a600000-0a6fe000 rw-p 00000000 00:00 0 
0a6fe000-0a700000 ---p 00000000 00:00 0 
0a700000-0a7fe000 rw-p 00000000 00:00 0 
0a7fe000-0a800000 ---p 00000000 00:00 0 
0a800000-0a8fe000 rw-p 00000000 00:00 0 
0a8fe000-0a900000 ---p 00000000 00:00 0 
0a900000-0a9fe000 rw-p 00000000 00:00 0 
0a9fe000-0aa00000 ---p 00000000 00:00 0 
0aa00000-0aafe000 rw-p 00000000 00:00 0 
0aafe000-0ab00000 ---p 00000000 00:00 0 
0ab00000-0abfe000 rw-p 00000000 00:00 0 
0abfe000-0ac00000 ---p 00000000 00:00 0 
0ac00000-0acfe000 rw-p 00000000 00:00 0 
0acfe000-0ad00000 ---p 00000000 00:00 0 
0ad00000-0adfe000 rw-p 00000000 00:00 0 
0adfe000-0ae00000 ---p 00000000 00:00 0 
0ae00000-0aefe000 rw-p 00000000 00:00 0 
0aefe000-0af00000 ---p 00000000 00:00 0 
0af00000-0affe000 rw-p 00000000 00:00 0 
0affe000-0b000000 ---p 00000000 00:00 0 
0b000000-0b0fe000 rw-p 00000000 00:00 0 
0b0fe000-0b100000 ---p 00000000 00:00 0 
0b100000-0b1fe000 rw-p 00000000 00:00 0 
0b1fe000-0b200000 ---p 00000000 00:00 0 
0b200000-0b2fe000 rw-p 00000000 00:00 0 
0b2fe000-0b300000 ---p 00000000 00:00 0 
0b300000-0b3f9000 rw-p 00000000 00:00 0 
0b3f9000-0b400000 ---p 00000000 00:00 0 
0b400000-0b4fe000 rw-p 00000000 00:00 0 
0b4fe000-0b500000 ---p 00000000 00:00 0 
0b500000-0b5fb000 rw-p 00000000 00:00 0 
0b5fb000-0b600000 ---p 00000000 00:00 0 
0b600000-0b6fc000 rw-p 00000000 00:00 0 
0b6fc000-0b700000 ---p 00000000 00:00 0 
0b700000-0b7f6000 rw-p 00000000 00:00 0 
0b7f6000-0b800000 ---p 00000000 00:00 0 
0b800000-0b8f9000 rw-p 00000000 00:00 0 
0b8f9000-0b900000 ---p 00000000 00:00 0 
0b900000-0b9f7000 rw-p 00000000 00:00 0 
0b9f7000-0ba00000 ---p 00000000 00:00 0 
0ba00000-0bace000 rw-p 00000000 00:00 0 
0bace000-0bad1000 ---p 00000000 00:00 0 
0bad1000-0bb1f000 rw-p 00000000 00:00 0 
0bb1f000-0bb22000 ---p 00000000 00:00 0 
0bb22000-0bb70000 rw-p 00000000 00:00 0 
0bb70000-0bbad000 r--s 005ec000 08:09 442032     /media/stockage/akram/formation_academique/master/application/WekaBayesNetworkJAVA/lib/weka.jar
0bbad000-0bbae000 ---p 00000000 00:00 0 
0bbae000-0bc2e000 rw-p 00000000 00:00 0 
0bc2e000-0bc31000 ---p 00000000 00:00 0 
0bc31000-0bc7f000 rw-p 00000000 00:00 0          [stack:4080]
0bc7f000-0bc82000 ---p 00000000 00:00 0 
0bc82000-0bd00000 rw-p 00000000 00:00 0          [stack:4079]
0bd00000-0be00000 rw-p 00000000 00:00 0 
0be00000-0be2e000 rw-p 00000000 00:00 0 
0be2e000-0be31000 ---p 00000000 00:00 0 
0be31000-0beaf000 rw-p 00000000 00:00 0          [stack:4078]
0beaf000-0beb2000 ---p 00000000 00:00 0 
0beb2000-0bf00000 rw-p 00000000 00:00 0 
0bf00000-0c100000 r--p 00000000 08:05 1049856    /usr/lib/locale/locale-archive
0c100000-0c1fb000 rw-p 00000000 00:00 0 
0c1fb000-0c200000 ---p 00000000 00:00 0 
0c200000-0c221000 rw-p 00000000 00:00 0 
0c221000-0c300000 ---p 00000000 00:00 0 
0c300000-0c3ff000 rw-p 00000000 00:00 0 
0c3ff000-0c400000 ---p 00000000 00:00 0 
0c400000-0c428000 rw-p 00000000 00:00 0 
0c428000-0c429000 ---p 00000000 00:00 0 
0c429000-0c4a9000 rw-p 00000000 00:00 0          [stack:4074]
0c4a9000-0c656000 r--s 01cde000 08:05 267419     /usr/lib/jvm/java-7-openjdk-i386/jre/lib/rt.jar
0c656000-0e000000 rw-p 00000000 00:00 0 
0e000000-0e0fc000 rw-p 00000000 00:00 0 
0e0fc000-0e100000 ---p 00000000 00:00 0 
0e100000-0e12e000 rw-p 00000000 00:00 0 
0e12e000-0e131000 ---p 00000000 00:00 0 
0e131000-0e17f000 rw-p 00000000 00:00 0          [stack:4076]
0e17f000-0e180000 ---p 00000000 00:00 0 
0e180000-0e200000 rw-p 00000000 00:00 0          [stack:4073]
0e200000-0e221000 rw-p 00000000 00:00 0 
0e221000-0e300000 ---p 00000000 00:00 0 
0e300000-0e321000 rw-p 00000000 00:00 0 
0e321000-0e400000 ---p 00000000 00:00 0 
0e401000-0e42e000 rw-p 00000000 00:00 0 
0e42e000-0e431000 ---p 00000000 00:00 0 
0e431000-0e47f000 rw-p 00000000 00:00 0          [stack:4075]
0e47f000-0e480000 ---p 00000000 00:00 0 
0e480000-0e500000 rw-p 00000000 00:00 0          [stack:4072]
0e500000-0e521000 rw-p 00000000 00:00 0 
0e521000-0e600000 ---p 00000000 00:00 0 
0e601000-0e617000 rw-p 00000000 00:00 0 
0e617000-0e620000 r--s 000bc000 08:05 271015     /usr/lib/jvm/java-7-openjdk-common/jre/lib/resources.jar
0e620000-0e623000 ---p 00000000 00:00 0 
0e623000-0e679000 rw-p 00000000 00:00 0          [stack:4085]
0e679000-0e67a000 ---p 00000000 00:00 0 
0e67a000-0e6fa000 rw-p 00000000 00:00 0          [stack:4071]
0e6fa000-0e6fb000 ---p 00000000 00:00 0 
0e6fb000-0e783000 rw-p 00000000 00:00 0          [stack:4070]
0e783000-0e7bb000 rw-p 00000000 00:00 0 
0e7bb000-0eb05000 rw-p 00000000 00:00 0 
0eb05000-0eb3d000 rw-p 00000000 00:00 0 
0eb3d000-10020000 rw-p 00000000 00:00 0 
10020000-17020000 rw-p 00000000 00:00 0 
17020000-b3422000 rw-p 00000000 00:00 0 
b3422000-b342f000 rw-p 00000000 00:00 0 
b342f000-b34e6000 rw-p 00000000 00:00 0 
b34e6000-b3726000 rwxp 00000000 00:00 0 
b3726000-b64e6000 rw-p 00000000 00:00 0 
b64e6000-b64fc000 r-xp 00000000 08:05 918603     /lib/i386-linux-gnu/libnsl-2.15.so
b64fc000-b64fd000 r--p 00015000 08:05 918603     /lib/i386-linux-gnu/libnsl-2.15.so
b64fd000-b64fe000 rw-p 00016000 08:05 918603     /lib/i386-linux-gnu/libnsl-2.15.so
b64fe000-b6500000 rw-p 00000000 00:00 0 
b6500000-b65fc000 rw-p 00000000 00:00 0 
b65fc000-b6600000 ---p 00000000 00:00 0 
b6601000-b6603000 rw-p 00000000 00:00 0 
b6603000-b6604000 r--s 0002d000 08:09 442034     /media/stockage/akram/formation_academique/master/application/WekaBayesNetworkJAVA/lib/snowball.jar
b6604000-b6607000 r--s 00032000 08:05 271053     /usr/lib/jvm/java-7-openjdk-common/jre/lib/ext/sunjce_provider.jar
b6607000-b6612000 r-xp 00000000 08:05 924662     /lib/i386-linux-gnu/libnss_files-2.15.so
b6612000-b6613000 r--p 0000a000 08:05 924662     /lib/i386-linux-gnu/libnss_files-2.15.so
b6613000-b6614000 rw-p 0000b000 08:05 924662     /lib/i386-linux-gnu/libnss_files-2.15.so
b6614000-b661b000 r-xp 00000000 08:05 924665     /lib/i386-linux-gnu/libnss_compat-2.15.so
b661b000-b661c000 r--p 00006000 08:05 924665     /lib/i386-linux-gnu/libnss_compat-2.15.so
b661c000-b661d000 rw-p 00007000 08:05 924665     /lib/i386-linux-gnu/libnss_compat-2.15.so
b661e000-b6620000 r--s 00012000 08:05 271056     /usr/lib/jvm/java-7-openjdk-common/jre/lib/ext/zipfs.jar
b6620000-b6622000 r--s 00006000 08:05 131741     /usr/share/java/java-atk-wrapper.jar
b6622000-b6626000 r--s 00085000 08:05 271052     /usr/lib/jvm/java-7-openjdk-common/jre/lib/ext/localedata.jar
b6626000-b6629000 r--s 0003c000 08:05 271016     /usr/lib/jvm/java-7-openjdk-common/jre/lib/ext/sunpkcs11.jar
b6629000-b662c000 r--s 0000f000 08:05 271054     /usr/lib/jvm/java-7-openjdk-common/jre/lib/ext/pulse-java.jar
b662c000-b6634000 r-xp 00000000 08:05 268331     /usr/lib/jvm/java-7-openjdk-i386/jre/lib/i386/libzip.so
b6634000-b6635000 r--p 00007000 08:05 268331     /usr/lib/jvm/java-7-openjdk-i386/jre/lib/i386/libzip.so
b6635000-b6636000 rw-p 00008000 08:05 268331     /usr/lib/jvm/java-7-openjdk-i386/jre/lib/i386/libzip.so
b6636000-b663e000 rw-s 00000000 08:05 1208128    /tmp/hsperfdata_akram/4065
b663e000-b6665000 r-xp 00000000 08:05 270910     /usr/lib/jvm/java-7-openjdk-i386/jre/lib/i386/libjava.so
b6665000-b6666000 r--p 00026000 08:05 270910     /usr/lib/jvm/java-7-openjdk-i386/jre/lib/i386/libjava.so
b6666000-b6667000 rw-p 00027000 08:05 270910     /usr/lib/jvm/java-7-openjdk-i386/jre/lib/i386/libjava.so
b6667000-b666e000 r-xp 00000000 08:05 924668     /lib/i386-linux-gnu/librt-2.15.so
b666e000-b666f000 r--p 00006000 08:05 924668     /lib/i386-linux-gnu/librt-2.15.so
b666f000-b6670000 rw-p 00007000 08:05 924668     /lib/i386-linux-gnu/librt-2.15.so
b6670000-b6673000 ---p 00000000 00:00 0 
b6673000-b66c1000 rw-p 00000000 00:00 0          [stack:4069]
b66c1000-b66dd000 r-xp 00000000 08:05 917693     /lib/i386-linux-gnu/libgcc_s.so.1
b66dd000-b66de000 r--p 0001b000 08:05 917693     /lib/i386-linux-gnu/libgcc_s.so.1
b66de000-b66df000 rw-p 0001c000 08:05 917693     /lib/i386-linux-gnu/libgcc_s.so.1
b66df000-b6709000 r-xp 00000000 08:05 924664     /lib/i386-linux-gnu/libm-2.15.so
b6709000-b670a000 r--p 00029000 08:05 924664     /lib/i386-linux-gnu/libm-2.15.so
b670a000-b670b000 rw-p 0002a000 08:05 924664     /lib/i386-linux-gnu/libm-2.15.so
b670b000-b67e7000 r-xp 00000000 08:05 1049930    /usr/lib/i386-linux-gnu/libstdc++.so.6.0.17
b67e7000-b67e8000 ---p 000dc000 08:05 1049930    /usr/lib/i386-linux-gnu/libstdc++.so.6.0.17
b67e8000-b67ec000 r--p 000dc000 08:05 1049930    /usr/lib/i386-linux-gnu/libstdc++.so.6.0.17
b67ec000-b67ed000 rw-p 000e0000 08:05 1049930    /usr/lib/i386-linux-gnu/libstdc++.so.6.0.17
b67ed000-b67f4000 rw-p 00000000 00:00 0 
b67f4000-b70e6000 r-xp 00000000 08:05 269934     /usr/lib/jvm/java-7-openjdk-i386/jre/lib/i386/server/libjvm.so
b70e6000-b712d000 r--p 008f1000 08:05 269934     /usr/lib/jvm/java-7-openjdk-i386/jre/lib/i386/server/libjvm.so
b712d000-b7141000 rw-p 00938000 08:05 269934     /usr/lib/jvm/java-7-openjdk-i386/jre/lib/i386/server/libjvm.so
b7141000-b755f000 rw-p 00000000 00:00 0 
b755f000-b7576000 r-xp 00000000 08:05 917549     /lib/i386-linux-gnu/libz.so.1.2.7
b7576000-b7577000 r--p 00016000 08:05 917549     /lib/i386-linux-gnu/libz.so.1.2.7
b7577000-b7578000 rw-p 00017000 08:05 917549     /lib/i386-linux-gnu/libz.so.1.2.7
b7578000-b758f000 r-xp 00000000 08:05 924663     /lib/i386-linux-gnu/libpthread-2.15.so
b758f000-b7590000 r--p 00016000 08:05 924663     /lib/i386-linux-gnu/libpthread-2.15.so
b7590000-b7591000 rw-p 00017000 08:05 924663     /lib/i386-linux-gnu/libpthread-2.15.so
b7591000-b7593000 rw-p 00000000 00:00 0 
b7593000-b7596000 r-xp 00000000 08:05 924656     /lib/i386-linux-gnu/libdl-2.15.so
b7596000-b7597000 r--p 00002000 08:05 924656     /lib/i386-linux-gnu/libdl-2.15.so
b7597000-b7598000 rw-p 00003000 08:05 924656     /lib/i386-linux-gnu/libdl-2.15.so
b7598000-b773b000 r-xp 00000000 08:05 918606     /lib/i386-linux-gnu/libc-2.15.so
b773b000-b773c000 ---p 001a3000 08:05 918606     /lib/i386-linux-gnu/libc-2.15.so
b773c000-b773e000 r--p 001a3000 08:05 918606     /lib/i386-linux-gnu/libc-2.15.so
b773e000-b773f000 rw-p 001a5000 08:05 918606     /lib/i386-linux-gnu/libc-2.15.so
b773f000-b7743000 rw-p 00000000 00:00 0 
b7744000-b7745000 r--s 00002000 08:05 271055     /usr/lib/jvm/java-7-openjdk-common/jre/lib/ext/dnsns.jar
b7745000-b7746000 r--p 002bc000 08:05 1049856    /usr/lib/locale/locale-archive
b7746000-b7750000 r-xp 00000000 08:05 924669     /lib/i386-linux-gnu/libnss_nis-2.15.so
b7750000-b7751000 r--p 00009000 08:05 924669     /lib/i386-linux-gnu/libnss_nis-2.15.so
b7751000-b7752000 rw-p 0000a000 08:05 924669     /lib/i386-linux-gnu/libnss_nis-2.15.so
b7752000-b7753000 rw-p 00000000 00:00 0 
b7753000-b7754000 ---p 00000000 00:00 0 
b7754000-b7761000 r-xp 00000000 08:05 270014     /usr/lib/jvm/java-7-openjdk-i386/jre/lib/i386/libverify.so
b7761000-b7762000 ---p 0000d000 08:05 270014     /usr/lib/jvm/java-7-openjdk-i386/jre/lib/i386/libverify.so
b7762000-b7763000 r--p 0000d000 08:05 270014     /usr/lib/jvm/java-7-openjdk-i386/jre/lib/i386/libverify.so
b7763000-b7764000 rw-p 0000e000 08:05 270014     /usr/lib/jvm/java-7-openjdk-i386/jre/lib/i386/libverify.so
b7764000-b7771000 r-xp 00000000 08:05 270267     /usr/lib/jvm/java-7-openjdk-i386/jre/lib/i386/jli/libjli.so
b7771000-b7772000 r--p 0000c000 08:05 270267     /usr/lib/jvm/java-7-openjdk-i386/jre/lib/i386/jli/libjli.so
b7772000-b7773000 rw-p 0000d000 08:05 270267     /usr/lib/jvm/java-7-openjdk-i386/jre/lib/i386/jli/libjli.so
b7773000-b7775000 rw-p 00000000 00:00 0 
b7775000-b7776000 r-xp 00000000 00:00 0          [vdso]
b7776000-b7796000 r-xp 00000000 08:05 924667     /lib/i386-linux-gnu/ld-2.15.so
b7796000-b7797000 r--p 0001f000 08:05 924667     /lib/i386-linux-gnu/ld-2.15.so
b7797000-b7798000 rw-p 00020000 08:05 924667     /lib/i386-linux-gnu/ld-2.15.so
b7800000-b78fe000 rw-p 00000000 00:00 0 
b78fe000-b7900000 ---p 00000000 00:00 0 
b7900000-b79fe000 rw-p 00000000 00:00 0 
b79fe000-b7a00000 ---p 00000000 00:00 0 
b7a00000-b7afe000 rw-p 00000000 00:00 0 
b7afe000-b7b00000 ---p 00000000 00:00 0 
b7b00000-b7bfe000 rw-p 00000000 00:00 0 
b7bfe000-b7c00000 ---p 00000000 00:00 0 
b7c00000-b7cfe000 rw-p 00000000 00:00 0 
b7cfe000-b7d00000 ---p 00000000 00:00 0 
b7d00000-b7dfe000 rw-p 00000000 00:00 0 
b7dfe000-b7e00000 ---p 00000000 00:00 0 
b7e00000-b7efe000 rw-p 00000000 00:00 0 
b7efe000-b7f00000 ---p 00000000 00:00 0 
b7f00000-b7ffe000 rw-p 00000000 00:00 0 
b7ffe000-b8000000 ---p 00000000 00:00 0 
b8000000-b80fe000 rw-p 00000000 00:00 0 
b80fe000-b8100000 ---p 00000000 00:00 0 
b8100000-b81fe000 rw-p 00000000 00:00 0 
b81fe000-b8200000 ---p 00000000 00:00 0 
b8200000-b82fe000 rw-p 00000000 00:00 0 
b82fe000-b8300000 ---p 00000000 00:00 0 
b8300000-b83fe000 rw-p 00000000 00:00 0 
b83fe000-b8400000 ---p 00000000 00:00 0 
b8400000-b84fe000 rw-p 00000000 00:00 0 
b84fe000-b8500000 ---p 00000000 00:00 0 
b8500000-b85fe000 rw-p 00000000 00:00 0 
b85fe000-b8600000 ---p 00000000 00:00 0 
b8600000-b86fe000 rw-p 00000000 00:00 0 
b86fe000-b8700000 ---p 00000000 00:00 0 
b8700000-b87fe000 rw-p 00000000 00:00 0 
b87fe000-b8800000 ---p 00000000 00:00 0 
b8800000-b88fe000 rw-p 00000000 00:00 0 
b88fe000-b8900000 ---p 00000000 00:00 0 
b8900000-b89fe000 rw-p 00000000 00:00 0 
b89fe000-b8a00000 ---p 00000000 00:00 0 
b8a00000-b8afe000 rw-p 00000000 00:00 0 
b8afe000-b8b00000 ---p 00000000 00:00 0 
b8b00000-b8bfe000 rw-p 00000000 00:00 0 
b8bfe000-b8c00000 ---p 00000000 00:00 0 
b8c00000-b8cfe000 rw-p 00000000 00:00 0 
b8cfe000-b8d00000 ---p 00000000 00:00 0 
b8d00000-b8dfe000 rw-p 00000000 00:00 0 
b8dfe000-b8e00000 ---p 00000000 00:00 0 
b8e00000-b8efe000 rw-p 00000000 00:00 0 
b8efe000-b8f00000 ---p 00000000 00:00 0 
b8f00000-b8ffe000 rw-p 00000000 00:00 0 
b8ffe000-b9000000 ---p 00000000 00:00 0 
b9000000-b90fe000 rw-p 00000000 00:00 0 
b90fe000-b9100000 ---p 00000000 00:00 0 
b9100000-b91fe000 rw-p 00000000 00:00 0 
b91fe000-b9200000 ---p 00000000 00:00 0 
b9200000-b92fe000 rw-p 00000000 00:00 0 
b92fe000-b9300000 ---p 00000000 00:00 0 
b9300000-b93fe000 rw-p 00000000 00:00 0 
b93fe000-b9400000 ---p 00000000 00:00 0 
b9400000-b94fe000 rw-p 00000000 00:00 0 
b94fe000-b9500000 ---p 00000000 00:00 0 
b9500000-b95fe000 rw-p 00000000 00:00 0 
b95fe000-b9600000 ---p 00000000 00:00 0 
b9600000-b96fe000 rw-p 00000000 00:00 0 
b96fe000-b9700000 ---p 00000000 00:00 0 
b9700000-b97fe000 rw-p 00000000 00:00 0 
b97fe000-b9800000 ---p 00000000 00:00 0 
b9800000-b98fe000 rw-p 00000000 00:00 0 
b98fe000-b9900000 ---p 00000000 00:00 0 
b9900000-b99fe000 rw-p 00000000 00:00 0 
b99fe000-b9a00000 ---p 00000000 00:00 0 
b9a00000-b9afe000 rw-p 00000000 00:00 0 
b9afe000-b9b00000 ---p 00000000 00:00 0 
b9b00000-b9bfe000 rw-p 00000000 00:00 0 
b9bfe000-b9c00000 ---p 00000000 00:00 0 
b9c00000-b9cfe000 rw-p 00000000 00:00 0 
b9cfe000-b9d00000 ---p 00000000 00:00 0 
b9d00000-b9dfe000 rw-p 00000000 00:00 0 
b9dfe000-b9e00000 ---p 00000000 00:00 0 
b9e00000-b9efe000 rw-p 00000000 00:00 0 
b9efe000-b9f00000 ---p 00000000 00:00 0 
b9f00000-b9ffe000 rw-p 00000000 00:00 0 
b9ffe000-ba000000 ---p 00000000 00:00 0 
ba000000-ba0fe000 rw-p 00000000 00:00 0 
ba0fe000-ba100000 ---p 00000000 00:00 0 
ba100000-ba1fe000 rw-p 00000000 00:00 0 
ba1fe000-ba200000 ---p 00000000 00:00 0 
ba200000-ba2fe000 rw-p 00000000 00:00 0 
ba2fe000-ba300000 ---p 00000000 00:00 0 
ba300000-ba3fe000 rw-p 00000000 00:00 0 
ba3fe000-ba400000 ---p 00000000 00:00 0 
ba400000-ba4fe000 rw-p 00000000 00:00 0 
ba4fe000-ba500000 ---p 00000000 00:00 0 
ba500000-ba5fe000 rw-p 00000000 00:00 0 
ba5fe000-ba600000 ---p 00000000 00:00 0 
ba600000-ba6fe000 rw-p 00000000 00:00 0 
ba6fe000-ba700000 ---p 00000000 00:00 0 
ba700000-ba7fe000 rw-p 00000000 00:00 0 
ba7fe000-ba800000 ---p 00000000 00:00 0 
ba800000-ba8fe000 rw-p 00000000 00:00 0 
ba8fe000-ba900000 ---p 00000000 00:00 0 
ba900000-ba9fe000 rw-p 00000000 00:00 0 
ba9fe000-baa00000 ---p 00000000 00:00 0 
baa00000-baafe000 rw-p 00000000 00:00 0 
baafe000-bab00000 ---p 00000000 00:00 0 
bab00000-babfe000 rw-p 00000000 00:00 0 
babfe000-bac00000 ---p 00000000 00:00 0 
bac00000-bacfe000 rw-p 00000000 00:00 0 
bacfe000-bad00000 ---p 00000000 00:00 0 
bad00000-badfe000 rw-p 00000000 00:00 0 
badfe000-bae00000 ---p 00000000 00:00 0 
bae00000-baefe000 rw-p 00000000 00:00 0 
baefe000-baf00000 ---p 00000000 00:00 0 
baf00000-baffe000 rw-p 00000000 00:00 0 
baffe000-bb000000 ---p 00000000 00:00 0 
bb000000-bb0fe000 rw-p 00000000 00:00 0 
bb0fe000-bb100000 ---p 00000000 00:00 0 
bb100000-bb1fe000 rw-p 00000000 00:00 0 
bb1fe000-bb200000 ---p 00000000 00:00 0 
bb200000-bb2fe000 rw-p 00000000 00:00 0 
bb2fe000-bb300000 ---p 00000000 00:00 0 
bb300000-bb3fe000 rw-p 00000000 00:00 0 
bb3fe000-bb400000 ---p 00000000 00:00 0 
bb400000-bb4fe000 rw-p 00000000 00:00 0 
bb4fe000-bb500000 ---p 00000000 00:00 0 
bb500000-bb5fe000 rw-p 00000000 00:00 0 
bb5fe000-bb600000 ---p 00000000 00:00 0 
bb600000-bb6fe000 rw-p 00000000 00:00 0 
bb6fe000-bb700000 ---p 00000000 00:00 0 
bb700000-bb7fe000 rw-p 00000000 00:00 0 
bb7fe000-bb800000 ---p 00000000 00:00 0 
bb800000-bb8fe000 rw-p 00000000 00:00 0 
bb8fe000-bb900000 ---p 00000000 00:00 0 
bb900000-bb9fe000 rw-p 00000000 00:00 0 
bb9fe000-bba00000 ---p 00000000 00:00 0 
bba00000-bbafe000 rw-p 00000000 00:00 0 
bbafe000-bbb00000 ---p 00000000 00:00 0 
bbb00000-bbbfe000 rw-p 00000000 00:00 0 
bbbfe000-bbc00000 ---p 00000000 00:00 0 
bbc00000-bbcfe000 rw-p 00000000 00:00 0 
bbcfe000-bbd00000 ---p 00000000 00:00 0 
bbd00000-bbdfe000 rw-p 00000000 00:00 0 
bbdfe000-bbe00000 ---p 00000000 00:00 0 
bbe00000-bbefe000 rw-p 00000000 00:00 0 
bbefe000-bbf00000 ---p 00000000 00:00 0 
bbf00000-bbffe000 rw-p 00000000 00:00 0 
bbffe000-bc000000 ---p 00000000 00:00 0 
bc000000-bc0fe000 rw-p 00000000 00:00 0 
bc0fe000-bc100000 ---p 00000000 00:00 0 
bc100000-bc1fe000 rw-p 00000000 00:00 0 
bc1fe000-bc200000 ---p 00000000 00:00 0 
bc200000-bc2fe000 rw-p 00000000 00:00 0 
bc2fe000-bc300000 ---p 00000000 00:00 0 
bc300000-bc3fe000 rw-p 00000000 00:00 0 
bc3fe000-bc400000 ---p 00000000 00:00 0 
bc400000-bc4fe000 rw-p 00000000 00:00 0 
bc4fe000-bc500000 ---p 00000000 00:00 0 
bc500000-bc5fe000 rw-p 00000000 00:00 0 
bc5fe000-bc600000 ---p 00000000 00:00 0 
bc600000-bc6f9000 rw-p 00000000 00:00 0 
bc6f9000-bc700000 ---p 00000000 00:00 0 
bc700000-bc7fe000 rw-p 00000000 00:00 0 
bc7fe000-bc800000 ---p 00000000 00:00 0 
bc800000-bc8fe000 rw-p 00000000 00:00 0 
bc8fe000-bc900000 ---p 00000000 00:00 0 
bc900000-bc9fe000 rw-p 00000000 00:00 0 
bc9fe000-bca00000 ---p 00000000 00:00 0 
bca00000-bcafe000 rw-p 00000000 00:00 0 
bcafe000-bcb00000 ---p 00000000 00:00 0 
bcb00000-bcbfe000 rw-p 00000000 00:00 0 
bcbfe000-bcc00000 ---p 00000000 00:00 0 
bcc00000-bccfe000 rw-p 00000000 00:00 0 
bccfe000-bcd00000 ---p 00000000 00:00 0 
bcd00000-bcdfe000 rw-p 00000000 00:00 0 
bcdfe000-bce00000 ---p 00000000 00:00 0 
bce00000-bcefe000 rw-p 00000000 00:00 0 
bcefe000-bcf00000 ---p 00000000 00:00 0 
bcf00000-bcffe000 rw-p 00000000 00:00 0 
bcffe000-bd000000 ---p 00000000 00:00 0 
bd000000-bd0fe000 rw-p 00000000 00:00 0 
bd0fe000-bd100000 ---p 00000000 00:00 0 
bd100000-bd1fe000 rw-p 00000000 00:00 0 
bd1fe000-bd200000 ---p 00000000 00:00 0 
bd200000-bd2fe000 rw-p 00000000 00:00 0 
bd2fe000-bd300000 ---p 00000000 00:00 0 
bd300000-bd3fe000 rw-p 00000000 00:00 0 
bd3fe000-bd400000 ---p 00000000 00:00 0 
bd400000-bd4fe000 rw-p 00000000 00:00 0 
bd4fe000-bd500000 ---p 00000000 00:00 0 
bd500000-bd5fe000 rw-p 00000000 00:00 0 
bd5fe000-bd600000 ---p 00000000 00:00 0 
bd600000-bd6fe000 rw-p 00000000 00:00 0 
bd6fe000-bd700000 ---p 00000000 00:00 0 
bd700000-bd7fe000 rw-p 00000000 00:00 0 
bd7fe000-bd800000 ---p 00000000 00:00 0 
bd800000-bd8fe000 rw-p 00000000 00:00 0 
bd8fe000-bd900000 ---p 00000000 00:00 0 
bd900000-bd9fe000 rw-p 00000000 00:00 0 
bd9fe000-bda00000 ---p 00000000 00:00 0 
bda00000-bdafe000 rw-p 00000000 00:00 0 
bdafe000-bdb00000 ---p 00000000 00:00 0 
bdb00000-bdbfe000 rw-p 00000000 00:00 0 
bdbfe000-bdc00000 ---p 00000000 00:00 0 
bdc00000-bdcfe000 rw-p 00000000 00:00 0 
bdcfe000-bdd00000 ---p 00000000 00:00 0 
bdd00000-bdde8000 rw-p 00000000 00:00 0 
bdde8000-bde00000 ---p 00000000 00:00 0 
bde00000-bdefe000 rw-p 00000000 00:00 0 
bdefe000-bdf00000 ---p 00000000 00:00 0 
bdf00000-bdffe000 rw-p 00000000 00:00 0 
bdffe000-be000000 ---p 00000000 00:00 0 
be000000-be0fe000 rw-p 00000000 00:00 0 
be0fe000-be100000 ---p 00000000 00:00 0 
be100000-be1fe000 rw-p 00000000 00:00 0 
be1fe000-be200000 ---p 00000000 00:00 0 
be200000-be2fe000 rw-p 00000000 00:00 0 
be2fe000-be300000 ---p 00000000 00:00 0 
be300000-be3fe000 rw-p 00000000 00:00 0 
be3fe000-be400000 ---p 00000000 00:00 0 
be400000-be4e1000 rw-p 00000000 00:00 0 
be4e1000-be500000 ---p 00000000 00:00 0 
be500000-be600000 rw-p 00000000 00:00 0 
be600000-be6e8000 rw-p 00000000 00:00 0 
be6e8000-be700000 ---p 00000000 00:00 0 
be700000-be7fe000 rw-p 00000000 00:00 0 
be7fe000-be800000 ---p 00000000 00:00 0 
be800000-be8fe000 rw-p 00000000 00:00 0 
be8fe000-be900000 ---p 00000000 00:00 0 
be900000-be9fe000 rw-p 00000000 00:00 0 
be9fe000-bea00000 ---p 00000000 00:00 0 
bea00000-beafe000 rw-p 00000000 00:00 0 
beafe000-beb00000 ---p 00000000 00:00 0 
beb00000-bebfe000 rw-p 00000000 00:00 0 
bebfe000-bec00000 ---p 00000000 00:00 0 
bec00000-becfe000 rw-p 00000000 00:00 0 
becfe000-bed00000 ---p 00000000 00:00 0 
bed00000-bedfe000 rw-p 00000000 00:00 0 
bedfe000-bee00000 ---p 00000000 00:00 0 
bee00000-beefe000 rw-p 00000000 00:00 0 
beefe000-bef00000 ---p 00000000 00:00 0 
bef00000-beffe000 rw-p 00000000 00:00 0 
beffe000-bf000000 ---p 00000000 00:00 0 
bf000000-bf0fe000 rw-p 00000000 00:00 0 
bf0fe000-bf100000 ---p 00000000 00:00 0 
bf100000-bf1fe000 rw-p 00000000 00:00 0 
bf1fe000-bf200000 ---p 00000000 00:00 0 
bf200000-bf2fe000 rw-p 00000000 00:00 0 
bf2fe000-bf300000 ---p 00000000 00:00 0 
bf300000-bf3fe000 rw-p 00000000 00:00 0 
bf3fe000-bf400000 ---p 00000000 00:00 0 
bf400000-bf4fe000 rw-p 00000000 00:00 0 
bf4fe000-bf500000 ---p 00000000 00:00 0 
bf500000-bf5fe000 rw-p 00000000 00:00 0 
bf5fe000-bf600000 ---p 00000000 00:00 0 
bf600000-bf6bd000 rw-p 00000000 00:00 0 
bf6bd000-bf700000 ---p 00000000 00:00 0 
bf700000-bf7fe000 rw-p 00000000 00:00 0 
bf7fe000-bf800000 ---p 00000000 00:00 0 
bf800000-bf8fe000 rw-p 00000000 00:00 0 
bf8fe000-bf900000 ---p 00000000 00:00 0 
bf900000-bf978000 rw-p 00000000 00:00 0 
bf9cb000-bf9ec000 rw-p 00000000 00:00 0          [stack]
bfa00000-bfafe000 rw-p 00000000 00:00 0 
bfafe000-bfb00000 ---p 00000000 00:00 0 
bfb00000-bfb72000 rw-p 00000000 00:00 0 
bfc00000-bfcfe000 rw-p 00000000 00:00 0 
bfcfe000-bfd00000 ---p 00000000 00:00 0 
bfd00000-bfdfe000 rw-p 00000000 00:00 0 
bfdfe000-bfe00000 ---p 00000000 00:00 0 
bfe00000-bfefe000 rw-p 00000000 00:00 0 
bfefe000-bff00000 ---p 00000000 00:00 0 
bff00000-bffff000 rw-p 00000000 00:00 0 
bffff000-c0000000 ---p 00000000 00:00 0 

VM Arguments:
jvm_args: -Dfile.encoding=UTF-8 -Xmx2500M -Xms2500M 
java_command: wekabayesnetwork.Main
Launcher Type: SUN_STANDARD

Environment Variables:
CLASSPATH=/media/stockage/machine_translation/tools/weka-3-6-5/weka.jar
PATH=/usr/lib/jvm/java-7-openjdk-i386/bin:/opt/apache-maven-3.0.4/bin:/opt/lampp/bin:/opt/lampp/htdocs/Symfony/vendor/phpunit/phpunit/composer/bin:/usr/lib/lightdm/lightdm:/usr/local/sbin:/usr/local/bin:/usr/sbin:/usr/bin:/sbin:/bin:/usr/games:/usr/local/games
SHELL=/bin/bash
DISPLAY=:0.0

Signal Handlers:
SIGSEGV: [libjvm.so+0x756e80], sa_mask[0]=0x7ffbfeff, sa_flags=0x10000004
SIGBUS: [libjvm.so+0x756e80], sa_mask[0]=0x7ffbfeff, sa_flags=0x10000004
SIGFPE: [libjvm.so+0x5f3c70], sa_mask[0]=0x7ffbfeff, sa_flags=0x10000004
SIGPIPE: [libjvm.so+0x5f3c70], sa_mask[0]=0x7ffbfeff, sa_flags=0x10000004
SIGXFSZ: [libjvm.so+0x5f3c70], sa_mask[0]=0x7ffbfeff, sa_flags=0x10000004
SIGILL: [libjvm.so+0x5f3c70], sa_mask[0]=0x7ffbfeff, sa_flags=0x10000004
SIGUSR1: SIG_DFL, sa_mask[0]=0x00000000, sa_flags=0x00000000
SIGUSR2: [libjvm.so+0x5f3b20], sa_mask[0]=0x00000004, sa_flags=0x10000004
SIGHUP: [libjvm.so+0x5f40b0], sa_mask[0]=0x7ffbfeff, sa_flags=0x10000004
SIGINT: SIG_IGN, sa_mask[0]=0x00000000, sa_flags=0x00000000
SIGTERM: [libjvm.so+0x5f40b0], sa_mask[0]=0x7ffbfeff, sa_flags=0x10000004
SIGQUIT: [libjvm.so+0x5f40b0], sa_mask[0]=0x7ffbfeff, sa_flags=0x10000004


---------------  S Y S T E M  ---------------

OS:Ubuntu 12.10 (quantal)
uname:Linux 3.5.0-34-generic #55-Ubuntu SMP Thu Jun 6 20:20:19 UTC 2013 i686
libc:glibc 2.15 NPTL 2.15 
rlimit: STACK 8192k, CORE 0k, NPROC 31577, NOFILE 4096, AS infinity
load average:0,43 0,40 0,41

/proc/meminfo:
MemTotal:        4057628 kB
MemFree:          916384 kB
Buffers:          206384 kB
Cached:           923472 kB
SwapCached:            0 kB
Active:          2125348 kB
Inactive:         866060 kB
Active(anon):    1868440 kB
Inactive(anon):     6992 kB
Active(file):     256908 kB
Inactive(file):   859068 kB
Unevictable:       31200 kB
Mlocked:           31200 kB
HighTotal:       3206416 kB
HighFree:         363344 kB
LowTotal:         851212 kB
LowFree:          553040 kB
SwapTotal:       1951740 kB
SwapFree:        1951740 kB
Dirty:             11120 kB
Writeback:             0 kB
AnonPages:       1893128 kB
Mapped:           168604 kB
Shmem:              8000 kB
Slab:              64376 kB
SReclaimable:      44408 kB
SUnreclaim:        19968 kB
KernelStack:        4224 kB
PageTables:        11576 kB
NFS_Unstable:          0 kB
Bounce:                0 kB
WritebackTmp:          0 kB
CommitLimit:     3980552 kB
Committed_AS:    6650948 kB
VmallocTotal:     122880 kB
VmallocUsed:       51436 kB
VmallocChunk:      62964 kB
HardwareCorrupted:     0 kB
AnonHugePages:         0 kB
HugePages_Total:       0
HugePages_Free:        0
HugePages_Rsvd:        0
HugePages_Surp:        0
Hugepagesize:       2048 kB
DirectMap4k:       83960 kB
DirectMap2M:      829440 kB


CPU:total 4 (2 cores per cpu, 2 threads per core) family 6 model 37 stepping 2, cmov, cx8, fxsr, mmx, sse, sse2, sse3, ssse3, sse4.1, sse4.2, popcnt, ht, tsc, tscinvbit

/proc/cpuinfo:
processor	: 0
vendor_id	: GenuineIntel
cpu family	: 6
model		: 37
model name	: Intel(R) Core(TM) i5 CPU       M 430  @ 2.27GHz
stepping	: 2
microcode	: 0x9
cpu MHz		: 2267.000
cache size	: 3072 KB
physical id	: 0
siblings	: 4
core id		: 0
cpu cores	: 2
apicid		: 0
initial apicid	: 0
fdiv_bug	: no
hlt_bug		: no
f00f_bug	: no
coma_bug	: no
fpu		: yes
fpu_exception	: yes
cpuid level	: 11
wp		: yes
flags		: fpu vme de pse tsc msr pae mce cx8 apic sep mtrr pge mca cmov pat pse36 clflush dts acpi mmx fxsr sse sse2 ss ht tm pbe nx rdtscp lm constant_tsc arch_perfmon pebs bts xtopology nonstop_tsc aperfmperf pni dtes64 monitor ds_cpl vmx est tm2 ssse3 cx16 xtpr pdcm sse4_1 sse4_2 popcnt lahf_lm ida arat dtherm tpr_shadow vnmi flexpriority ept vpid
bogomips	: 4522.43
clflush size	: 64
cache_alignment	: 64
address sizes	: 36 bits physical, 48 bits virtual
power management:

processor	: 1
vendor_id	: GenuineIntel
cpu family	: 6
model		: 37
model name	: Intel(R) Core(TM) i5 CPU       M 430  @ 2.27GHz
stepping	: 2
microcode	: 0x9
cpu MHz		: 1199.000
cache size	: 3072 KB
physical id	: 0
siblings	: 4
core id		: 0
cpu cores	: 2
apicid		: 1
initial apicid	: 1
fdiv_bug	: no
hlt_bug		: no
f00f_bug	: no
coma_bug	: no
fpu		: yes
fpu_exception	: yes
cpuid level	: 11
wp		: yes
flags		: fpu vme de pse tsc msr pae mce cx8 apic sep mtrr pge mca cmov pat pse36 clflush dts acpi mmx fxsr sse sse2 ss ht tm pbe nx rdtscp lm constant_tsc arch_perfmon pebs bts xtopology nonstop_tsc aperfmperf pni dtes64 monitor ds_cpl vmx est tm2 ssse3 cx16 xtpr pdcm sse4_1 sse4_2 popcnt lahf_lm ida arat dtherm tpr_shadow vnmi flexpriority ept vpid
bogomips	: 4522.43
clflush size	: 64
cache_alignment	: 64
address sizes	: 36 bits physical, 48 bits virtual
power management:

processor	: 2
vendor_id	: GenuineIntel
cpu family	: 6
model		: 37
model name	: Intel(R) Core(TM) i5 CPU       M 430  @ 2.27GHz
stepping	: 2
microcode	: 0x9
cpu MHz		: 2267.000
cache size	: 3072 KB
physical id	: 0
siblings	: 4
core id		: 2
cpu cores	: 2
apicid		: 4
initial apicid	: 4
fdiv_bug	: no
hlt_bug		: no
f00f_bug	: no
coma_bug	: no
fpu		: yes
fpu_exception	: yes
cpuid level	: 11
wp		: yes
flags		: fpu vme de pse tsc msr pae mce cx8 apic sep mtrr pge mca cmov pat pse36 clflush dts acpi mmx fxsr sse sse2 ss ht tm pbe nx rdtscp lm constant_tsc arch_perfmon pebs bts xtopology nonstop_tsc aperfmperf pni dtes64 monitor ds_cpl vmx est tm2 ssse3 cx16 xtpr pdcm sse4_1 sse4_2 popcnt lahf_lm ida arat dtherm tpr_shadow vnmi flexpriority ept vpid
bogomips	: 4522.43
clflush size	: 64
cache_alignment	: 64
address sizes	: 36 bits physical, 48 bits virtual
power management:

processor	: 3
vendor_id	: GenuineIntel
cpu family	: 6
model		: 37
model name	: Intel(R) Core(TM) i5 CPU       M 430  @ 2.27GHz
stepping	: 2
microcode	: 0x9
cpu MHz		: 1199.000
cache size	: 3072 KB
physical id	: 0
siblings	: 4
core id		: 2
cpu cores	: 2
apicid		: 5
initial apicid	: 5
fdiv_bug	: no
hlt_bug		: no
f00f_bug	: no
coma_bug	: no
fpu		: yes
fpu_exception	: yes
cpuid level	: 11
wp		: yes
flags		: fpu vme de pse tsc msr pae mce cx8 apic sep mtrr pge mca cmov pat pse36 clflush dts acpi mmx fxsr sse sse2 ss ht tm pbe nx rdtscp lm constant_tsc arch_perfmon pebs bts xtopology nonstop_tsc aperfmperf pni dtes64 monitor ds_cpl vmx est tm2 ssse3 cx16 xtpr pdcm sse4_1 sse4_2 popcnt lahf_lm ida arat dtherm tpr_shadow vnmi flexpriority ept vpid
bogomips	: 4522.43
clflush size	: 64
cache_alignment	: 64
address sizes	: 36 bits physical, 48 bits virtual
power management:



Memory: 4k page, physical 4057628k(916384k free), swap 1951740k(1951740k free)

vm_info: OpenJDK Server VM (23.7-b01) for linux-x86 JRE (1.7.0_21-b02), built on Apr 22 2013 22:34:21 by "buildd" with gcc 4.7.2

time: Wed Jun 19 22:41:34 2013
elapsed time: 3 seconds

