#
# There is insufficient memory for the Java Runtime Environment to continue.
# Native memory allocation (malloc) failed to allocate 465128 bytes for Chunk::new
# Possible reasons:
#   The system is out of physical RAM or swap space
#   In 32 bit mode, the process size limit was hit
# Possible solutions:
#   Reduce memory load on the system
#   Increase physical memory or swap space
#   Check if swap backing store is full
#   Use 64 bit Java on a 64 bit OS
#   Decrease Java heap size (-Xmx/-Xms)
#   Decrease number of Java threads
#   Decrease Java thread stack sizes (-Xss)
#   Set larger code cache with -XX:ReservedCodeCacheSize=
# This output file may be truncated or incomplete.
#
#  Out of Memory Error (allocation.cpp:328), pid=4009, tid=146185024
#
# JRE version: 7.0_21-b02
# Java VM: OpenJDK Server VM (23.7-b01 mixed mode linux-x86 )
# Failed to write core dump. Core dumps have been disabled. To enable core dumping, try "ulimit -c unlimited" before starting Java again
#

---------------  T H R E A D  ---------------

Current thread (0x088fe800):  JavaThread "C2 CompilerThread1" daemon [_thread_in_native, id=4024, stack(0x08ae9000,0x08b6a000)]

Stack: [0x08ae9000,0x08b6a000]

Current CompileTask:
C2:   4559  197             weka.core.Attribute::toString (272 bytes)


---------------  P R O C E S S  ---------------

Java Threads: ( => current thread )
  0x082df000 JavaThread "process reaper" daemon [_thread_blocked, id=4030, stack(0x0e607000,0x0e618000)]
  0x08201400 JavaThread "Service Thread" daemon [_thread_blocked, id=4025, stack(0x08a98000,0x08ae9000)]
=>0x088fe800 JavaThread "C2 CompilerThread1" daemon [_thread_in_native, id=4024, stack(0x08ae9000,0x08b6a000)]
  0x088fc800 JavaThread "C2 CompilerThread0" daemon [_thread_blocked, id=4023, stack(0x08b6a000,0x08beb000)]
  0x088fac00 JavaThread "Signal Dispatcher" daemon [_thread_blocked, id=4022, stack(0x0e12e000,0x0e17f000)]
  0x088b8c00 JavaThread "Finalizer" daemon [_thread_blocked, id=4021, stack(0x0e42e000,0x0e47f000)]
  0x088b6c00 JavaThread "Reference Handler" daemon [_thread_blocked, id=4020, stack(0x0e618000,0x0e669000)]

Other Threads:
  0x088b0800 VMThread [stack: 0x0897e000,0x089ff000] [id=4019]

VM state:at safepoint (normal execution)

VM Mutex/Monitor currently owned by a thread:  ([mutex/lock_event])
[0xb6504148] Threads_lock - owner thread: 0x088b0800
[0xb6504558] Heap_lock - owner thread: 0xb6506800

Heap
 PSYoungGen      total 746688K, used 366256K [0x7f2c0000, 0xb3410000, 0xb3410000)
  eden space 640064K, 54% used [0x7f2c0000,0x9482b2b8,0xa63d0000)
  from space 106624K, 15% used [0xa63d0000,0xa74110a0,0xacbf0000)
  to   space 106624K, 0% used [0xacbf0000,0xacbf0000,0xb3410000)
 ParOldGen       total 1706688K, used 4K [0x17010000, 0x7f2c0000, 0x7f2c0000)
  object space 1706688K, 0% used [0x17010000,0x17011000,0x7f2c0000)
 PSPermGen       total 16384K, used 3392K [0x0f010000, 0x10010000, 0x17010000)
  object space 16384K, 20% used [0x0f010000,0x0f3601e8,0x10010000)

Card table byte_map: [0x0eaed000,0x0f010000] byte_map_base: 0x0ea74f80

Polling page: 0xb774e000

Code Cache  [0xb34d9000, 0xb3719000, 0xb64d9000)
 total_blobs=343 nmethods=220 adapters=75 free_code_cache=48479Kb largest_free_block=49611264

Compilation events (10 events):
Event: 4,492 Thread 0x088fc800  213             weka.core.FastVector$FastVectorEnumeration::nextElement (45 bytes)
Event: 4,493 Thread 0x088fc800 nmethod 213 0xb357be08 code [0xb357bf00, 0xb357bfb0]
Event: 4,493 Thread 0x088fc800  214  s          java.io.ByteArrayInputStream::read (101 bytes)
Event: 4,496 Thread 0x088fc800 nmethod 214 0xb356b148 code [0xb356b280, 0xb356b690]
Event: 4,496 Thread 0x088fc800  215             java.io.ObjectInputStream$BlockDataInputStream::readShort (73 bytes)
Event: 4,500 Thread 0x088fc800 nmethod 215 0xb356aa88 code [0xb356aba0, 0xb356ae1c]
Event: 4,500 Thread 0x088fc800  216             java.util.zip.GZIPInputStream::skipBytes (53 bytes)
Event: 4,503 Thread 0x088fc800 nmethod 216 0xb35800c8 code [0xb3580200, 0xb3580444]
Event: 4,503 Thread 0x088fc800  217             java.io.ObjectInputStream$HandleTable::finish (111 bytes)
Event: 4,506 Thread 0x088fc800 nmethod 217 0xb356a788 code [0xb356a880, 0xb356a990]

GC Heap History (2 events):
Event: 3,361 GC heap before
{Heap before GC invocations=1 (full 0):
 PSYoungGen      total 746688K, used 640064K [0x7f2c0000, 0xb3410000, 0xb3410000)
  eden space 640064K, 100% used [0x7f2c0000,0xa63d0000,0xa63d0000)
  from space 106624K, 0% used [0xacbf0000,0xacbf0000,0xb3410000)
  to   space 106624K, 0% used [0xa63d0000,0xa63d0000,0xacbf0000)
 ParOldGen       total 1706688K, used 0K [0x17010000, 0x7f2c0000, 0x7f2c0000)
  object space 1706688K, 0% used [0x17010000,0x17010000,0x7f2c0000)
 PSPermGen       total 16384K, used 3091K [0x0f010000, 0x10010000, 0x17010000)
  object space 16384K, 18% used [0x0f010000,0x0f314f88,0x10010000)
Event: 3,378 GC heap after
Heap after GC invocations=1 (full 0):
 PSYoungGen      total 746688K, used 16644K [0x7f2c0000, 0xb3410000, 0xb3410000)
  eden space 640064K, 0% used [0x7f2c0000,0x7f2c0000,0xa63d0000)
  from space 106624K, 15% used [0xa63d0000,0xa74110a0,0xacbf0000)
  to   space 106624K, 0% used [0xacbf0000,0xacbf0000,0xb3410000)
 ParOldGen       total 1706688K, used 4K [0x17010000, 0x7f2c0000, 0x7f2c0000)
  object space 1706688K, 0% used [0x17010000,0x17011000,0x7f2c0000)
 PSPermGen       total 16384K, used 3091K [0x0f010000, 0x10010000, 0x17010000)
  object space 16384K, 18% used [0x0f010000,0x0f314f88,0x10010000)
}

Deoptimization events (10 events):
Event: 1,426 Thread 0xb6506800 Uncommon trap -122 fr.pc 0xb3527f8c
Event: 1,821 Thread 0xb6506800 Uncommon trap -42 fr.pc 0xb3540d98
Event: 1,821 Thread 0xb6506800 Uncommon trap -42 fr.pc 0xb3540d98
Event: 1,821 Thread 0xb6506800 Uncommon trap -42 fr.pc 0xb3540d98
Event: 1,821 Thread 0xb6506800 Uncommon trap -42 fr.pc 0xb3540d98
Event: 3,382 Thread 0x088b8c00 Uncommon trap -83 fr.pc 0xb3556098
Event: 3,754 Thread 0xb6506800 Uncommon trap -83 fr.pc 0xb354a194
Event: 3,816 Thread 0xb6506800 Uncommon trap -83 fr.pc 0xb35430d8
Event: 3,860 Thread 0xb6506800 Uncommon trap -83 fr.pc 0xb354b5c0
Event: 4,524 Thread 0xb6506800 Uncommon trap -34 fr.pc 0xb355538c

Internal exceptions (10 events):
Event: 3,853 Thread 0xb6506800 Threw 0x8acf2fb8 at /build/buildd/openjdk-7-7u21-2.3.9/build/openjdk/hotspot/src/share/vm/prims/jvm.cpp:1166
Event: 3,854 Thread 0xb6506800 Threw 0x8acf5758 at /build/buildd/openjdk-7-7u21-2.3.9/build/openjdk/hotspot/src/share/vm/prims/jvm.cpp:1166
Event: 3,860 Thread 0xb6506800 Threw 0x8ad11198 at /build/buildd/openjdk-7-7u21-2.3.9/build/openjdk/hotspot/src/share/vm/prims/jvm.cpp:1166
Event: 3,878 Thread 0xb6506800 Threw 0x8ad13a80 at /build/buildd/openjdk-7-7u21-2.3.9/build/openjdk/hotspot/src/share/vm/prims/jvm.cpp:1166
Event: 3,882 Thread 0xb6506800 Threw 0x8ad16318 at /build/buildd/openjdk-7-7u21-2.3.9/build/openjdk/hotspot/src/share/vm/prims/jvm.cpp:1166
Event: 3,896 Thread 0xb6506800 Threw 0x8ad1f708 at /build/buildd/openjdk-7-7u21-2.3.9/build/openjdk/hotspot/src/share/vm/prims/jvm.cpp:1166
Event: 3,897 Thread 0xb6506800 Threw 0x8ad22900 at /build/buildd/openjdk-7-7u21-2.3.9/build/openjdk/hotspot/src/share/vm/prims/jvm.cpp:1166
Event: 4,524 Thread 0xb6506800 Threw 0x937b21f8 at /build/buildd/openjdk-7-7u21-2.3.9/build/openjdk/hotspot/src/share/vm/prims/jni.cpp:742
Event: 4,524 Thread 0xb6506800 Threw 0x937b2378 at /build/buildd/openjdk-7-7u21-2.3.9/build/openjdk/hotspot/src/share/vm/classfile/systemDictionary.cpp:177
Event: 4,525 Thread 0xb6506800 Threw 0x937b26c8 at /build/buildd/openjdk-7-7u21-2.3.9/build/openjdk/hotspot/src/share/vm/classfile/systemDictionary.cpp:177

Events (10 events):
Event: 4,524 loading class 0x08215b60 done
Event: 4,524 Thread 0xb6506800 DEOPT PACKING pc=0xb355538c sp=0xb66badc0
Event: 4,524 Thread 0xb6506800 DEOPT UNPACKING pc=0xb3506efc sp=0xb66bad84 mode 2
Event: 4,524 loading class 0xb655fc98
Event: 4,525 loading class 0xb655fc98 done
Event: 4,525 Thread 0xb6506800 Thread exited: 0xb6506800
Event: 4,525 Thread 0xb6506800 Thread added: 0xb6506800
Event: 4,525 loading class 0xb6534e78
Event: 4,525 loading class 0xb6534e78 done
Event: 4,528 Thread 0xb6506800 Thread exited: 0xb6506800


Dynamic libraries:
00010000-00100000 rw-p 00000000 00:00 0 
00100000-001fe000 rw-p 00000000 00:00 0 
001fe000-00200000 ---p 00000000 00:00 0 
00200000-002fe000 rw-p 00000000 00:00 0 
002fe000-00300000 ---p 00000000 00:00 0 
00300000-003fe000 rw-p 00000000 00:00 0 
003fe000-00400000 ---p 00000000 00:00 0 
00400000-004fe000 rw-p 00000000 00:00 0 
004fe000-00500000 ---p 00000000 00:00 0 
00500000-005fe000 rw-p 00000000 00:00 0 
005fe000-00600000 ---p 00000000 00:00 0 
00600000-006fe000 rw-p 00000000 00:00 0 
006fe000-00700000 ---p 00000000 00:00 0 
00700000-007fe000 rw-p 00000000 00:00 0 
007fe000-00800000 ---p 00000000 00:00 0 
00800000-008fe000 rw-p 00000000 00:00 0 
008fe000-00900000 ---p 00000000 00:00 0 
00900000-009fe000 rw-p 00000000 00:00 0 
009fe000-00a00000 ---p 00000000 00:00 0 
00a00000-00afe000 rw-p 00000000 00:00 0 
00afe000-00b00000 ---p 00000000 00:00 0 
00b00000-00bfe000 rw-p 00000000 00:00 0 
00bfe000-00c00000 ---p 00000000 00:00 0 
00c00000-00cfe000 rw-p 00000000 00:00 0 
00cfe000-00d00000 ---p 00000000 00:00 0 
00d00000-00dfe000 rw-p 00000000 00:00 0 
00dfe000-00e00000 ---p 00000000 00:00 0 
00e00000-00efe000 rw-p 00000000 00:00 0 
00efe000-00f00000 ---p 00000000 00:00 0 
00f00000-00ffe000 rw-p 00000000 00:00 0 
00ffe000-01000000 ---p 00000000 00:00 0 
01000000-010fe000 rw-p 00000000 00:00 0 
010fe000-01100000 ---p 00000000 00:00 0 
01100000-011fe000 rw-p 00000000 00:00 0 
011fe000-01200000 ---p 00000000 00:00 0 
01200000-012fe000 rw-p 00000000 00:00 0 
012fe000-01300000 ---p 00000000 00:00 0 
01300000-013fe000 rw-p 00000000 00:00 0 
013fe000-01400000 ---p 00000000 00:00 0 
01400000-014fe000 rw-p 00000000 00:00 0 
014fe000-01500000 ---p 00000000 00:00 0 
01500000-015fe000 rw-p 00000000 00:00 0 
015fe000-01600000 ---p 00000000 00:00 0 
01600000-016fe000 rw-p 00000000 00:00 0 
016fe000-01700000 ---p 00000000 00:00 0 
01700000-017fe000 rw-p 00000000 00:00 0 
017fe000-01800000 ---p 00000000 00:00 0 
01800000-018fe000 rw-p 00000000 00:00 0 
018fe000-01900000 ---p 00000000 00:00 0 
01900000-019fe000 rw-p 00000000 00:00 0 
019fe000-01a00000 ---p 00000000 00:00 0 
01a00000-01afe000 rw-p 00000000 00:00 0 
01afe000-01b00000 ---p 00000000 00:00 0 
01b00000-01bfe000 rw-p 00000000 00:00 0 
01bfe000-01c00000 ---p 00000000 00:00 0 
01c00000-01cfe000 rw-p 00000000 00:00 0 
01cfe000-01d00000 ---p 00000000 00:00 0 
01d00000-01dfe000 rw-p 00000000 00:00 0 
01dfe000-01e00000 ---p 00000000 00:00 0 
01e00000-01efe000 rw-p 00000000 00:00 0 
01efe000-01f00000 ---p 00000000 00:00 0 
01f00000-01ffe000 rw-p 00000000 00:00 0 
01ffe000-02000000 ---p 00000000 00:00 0 
02000000-020fe000 rw-p 00000000 00:00 0 
020fe000-02100000 ---p 00000000 00:00 0 
02100000-021fe000 rw-p 00000000 00:00 0 
021fe000-02200000 ---p 00000000 00:00 0 
02200000-022fe000 rw-p 00000000 00:00 0 
022fe000-02300000 ---p 00000000 00:00 0 
02300000-023fe000 rw-p 00000000 00:00 0 
023fe000-02400000 ---p 00000000 00:00 0 
02400000-024fe000 rw-p 00000000 00:00 0 
024fe000-02500000 ---p 00000000 00:00 0 
02500000-025fe000 rw-p 00000000 00:00 0 
025fe000-02600000 ---p 00000000 00:00 0 
02600000-026fe000 rw-p 00000000 00:00 0 
026fe000-02700000 ---p 00000000 00:00 0 
02700000-027fe000 rw-p 00000000 00:00 0 
027fe000-02800000 ---p 00000000 00:00 0 
02800000-028fe000 rw-p 00000000 00:00 0 
028fe000-02900000 ---p 00000000 00:00 0 
02900000-029fe000 rw-p 00000000 00:00 0 
029fe000-02a00000 ---p 00000000 00:00 0 
02a00000-02afe000 rw-p 00000000 00:00 0 
02afe000-02b00000 ---p 00000000 00:00 0 
02b00000-02bfe000 rw-p 00000000 00:00 0 
02bfe000-02c00000 ---p 00000000 00:00 0 
02c00000-02cfe000 rw-p 00000000 00:00 0 
02cfe000-02d00000 ---p 00000000 00:00 0 
02d00000-02dfe000 rw-p 00000000 00:00 0 
02dfe000-02e00000 ---p 00000000 00:00 0 
02e00000-02efe000 rw-p 00000000 00:00 0 
02efe000-02f00000 ---p 00000000 00:00 0 
02f00000-02ffe000 rw-p 00000000 00:00 0 
02ffe000-03000000 ---p 00000000 00:00 0 
03000000-030fe000 rw-p 00000000 00:00 0 
030fe000-03100000 ---p 00000000 00:00 0 
03100000-031fe000 rw-p 00000000 00:00 0 
031fe000-03200000 ---p 00000000 00:00 0 
03200000-032fe000 rw-p 00000000 00:00 0 
032fe000-03300000 ---p 00000000 00:00 0 
03300000-033fe000 rw-p 00000000 00:00 0 
033fe000-03400000 ---p 00000000 00:00 0 
03400000-034fe000 rw-p 00000000 00:00 0 
034fe000-03500000 ---p 00000000 00:00 0 
03500000-035fe000 rw-p 00000000 00:00 0 
035fe000-03600000 ---p 00000000 00:00 0 
03600000-036fe000 rw-p 00000000 00:00 0 
036fe000-03700000 ---p 00000000 00:00 0 
03700000-037fe000 rw-p 00000000 00:00 0 
037fe000-03800000 ---p 00000000 00:00 0 
03800000-038fe000 rw-p 00000000 00:00 0 
038fe000-03900000 ---p 00000000 00:00 0 
03900000-039fe000 rw-p 00000000 00:00 0 
039fe000-03a00000 ---p 00000000 00:00 0 
03a00000-03afe000 rw-p 00000000 00:00 0 
03afe000-03b00000 ---p 00000000 00:00 0 
03b00000-03bfe000 rw-p 00000000 00:00 0 
03bfe000-03c00000 ---p 00000000 00:00 0 
03c00000-03cfe000 rw-p 00000000 00:00 0 
03cfe000-03d00000 ---p 00000000 00:00 0 
03d00000-03dfe000 rw-p 00000000 00:00 0 
03dfe000-03e00000 ---p 00000000 00:00 0 
03e00000-03efe000 rw-p 00000000 00:00 0 
03efe000-03f00000 ---p 00000000 00:00 0 
03f00000-03ffe000 rw-p 00000000 00:00 0 
03ffe000-04000000 ---p 00000000 00:00 0 
04000000-040fe000 rw-p 00000000 00:00 0 
040fe000-04100000 ---p 00000000 00:00 0 
04100000-041fe000 rw-p 00000000 00:00 0 
041fe000-04200000 ---p 00000000 00:00 0 
04200000-042fe000 rw-p 00000000 00:00 0 
042fe000-04300000 ---p 00000000 00:00 0 
04300000-043fe000 rw-p 00000000 00:00 0 
043fe000-04400000 ---p 00000000 00:00 0 
04400000-044fe000 rw-p 00000000 00:00 0 
044fe000-04500000 ---p 00000000 00:00 0 
04500000-045fe000 rw-p 00000000 00:00 0 
045fe000-04600000 ---p 00000000 00:00 0 
04600000-046fe000 rw-p 00000000 00:00 0 
046fe000-04700000 ---p 00000000 00:00 0 
04700000-047fe000 rw-p 00000000 00:00 0 
047fe000-04800000 ---p 00000000 00:00 0 
04800000-048fe000 rw-p 00000000 00:00 0 
048fe000-04900000 ---p 00000000 00:00 0 
04900000-049fe000 rw-p 00000000 00:00 0 
049fe000-04a00000 ---p 00000000 00:00 0 
04a00000-04afe000 rw-p 00000000 00:00 0 
04afe000-04b00000 ---p 00000000 00:00 0 
04b00000-04bfe000 rw-p 00000000 00:00 0 
04bfe000-04c00000 ---p 00000000 00:00 0 
04c00000-04cfe000 rw-p 00000000 00:00 0 
04cfe000-04d00000 ---p 00000000 00:00 0 
04d00000-04dfe000 rw-p 00000000 00:00 0 
04dfe000-04e00000 ---p 00000000 00:00 0 
04e00000-04efe000 rw-p 00000000 00:00 0 
04efe000-04f00000 ---p 00000000 00:00 0 
04f00000-04ffe000 rw-p 00000000 00:00 0 
04ffe000-05000000 ---p 00000000 00:00 0 
05000000-050fe000 rw-p 00000000 00:00 0 
050fe000-05100000 ---p 00000000 00:00 0 
05100000-051fe000 rw-p 00000000 00:00 0 
051fe000-05200000 ---p 00000000 00:00 0 
05200000-052fe000 rw-p 00000000 00:00 0 
052fe000-05300000 ---p 00000000 00:00 0 
05300000-053fe000 rw-p 00000000 00:00 0 
053fe000-05400000 ---p 00000000 00:00 0 
05400000-054fe000 rw-p 00000000 00:00 0 
054fe000-05500000 ---p 00000000 00:00 0 
05500000-055fe000 rw-p 00000000 00:00 0 
055fe000-05600000 ---p 00000000 00:00 0 
05600000-056fe000 rw-p 00000000 00:00 0 
056fe000-05700000 ---p 00000000 00:00 0 
05700000-057fe000 rw-p 00000000 00:00 0 
057fe000-05800000 ---p 00000000 00:00 0 
05800000-058fe000 rw-p 00000000 00:00 0 
058fe000-05900000 ---p 00000000 00:00 0 
05900000-059fe000 rw-p 00000000 00:00 0 
059fe000-05a00000 ---p 00000000 00:00 0 
05a00000-05afe000 rw-p 00000000 00:00 0 
05afe000-05b00000 ---p 00000000 00:00 0 
05b00000-05bfe000 rw-p 00000000 00:00 0 
05bfe000-05c00000 ---p 00000000 00:00 0 
05c00000-05cfe000 rw-p 00000000 00:00 0 
05cfe000-05d00000 ---p 00000000 00:00 0 
05d00000-05dff000 rw-p 00000000 00:00 0 
05dff000-05e00000 ---p 00000000 00:00 0 
05e00000-05efe000 rw-p 00000000 00:00 0 
05efe000-05f00000 ---p 00000000 00:00 0 
05f00000-06000000 rw-p 00000000 00:00 0 
06000000-060f4000 rw-p 00000000 00:00 0 
060f4000-06100000 ---p 00000000 00:00 0 
06100000-061e9000 rw-p 00000000 00:00 0 
061e9000-06200000 ---p 00000000 00:00 0 
06200000-062fd000 rw-p 00000000 00:00 0 
062fd000-06300000 ---p 00000000 00:00 0 
06300000-063f7000 rw-p 00000000 00:00 0 
063f7000-06400000 ---p 00000000 00:00 0 
06401000-064af000 rw-p 00000000 00:00 0 
064af000-064b2000 ---p 00000000 00:00 0 
064b2000-06500000 rw-p 00000000 00:00 0 
06500000-065f1000 rw-p 00000000 00:00 0 
065f1000-06600000 ---p 00000000 00:00 0 
06600000-0664d000 rw-p 00000000 00:00 0 
0664d000-06650000 ---p 00000000 00:00 0 
06650000-08048000 rw-p 00000000 00:00 0 
08048000-08049000 r-xp 00000000 08:05 136333     /usr/lib/jvm/java-7-openjdk-i386/jre/bin/java
08049000-0804a000 r--p 00000000 08:05 136333     /usr/lib/jvm/java-7-openjdk-i386/jre/bin/java
0804a000-0804b000 rw-p 00001000 08:05 136333     /usr/lib/jvm/java-7-openjdk-i386/jre/bin/java
0804c000-08200000 rw-p 00000000 00:00 0 
08200000-08300000 rw-p 00000000 00:00 0 
08301000-0837f000 rw-p 00000000 00:00 0 
0837f000-08380000 ---p 00000000 00:00 0 
08380000-08400000 rw-p 00000000 00:00 0 
08400000-08600000 r--p 00000000 08:05 1049856    /usr/lib/locale/locale-archive
08600000-086fa000 rw-p 00000000 00:00 0 
086fa000-08700000 ---p 00000000 00:00 0 
08700000-08721000 rw-p 00000000 00:00 0 
08721000-08800000 ---p 00000000 00:00 0 
08800000-088ff000 rw-p 00000000 00:00 0 
088ff000-08900000 ---p 00000000 00:00 0 
08900000-0893d000 rw-p 00000000 00:00 0 
0897e000-0897f000 ---p 00000000 00:00 0 
0897f000-08a22000 rw-p 00000000 00:00 0          [heap]
08a22000-08a5b000 rw-p 00000000 00:00 0 
08a5b000-08a98000 r--s 005ec000 08:09 442032     /media/stockage/akram/formation_academique/master/application/WekaBayesNetworkJAVA/lib/weka.jar
08a98000-08a9b000 ---p 00000000 00:00 0 
08a9b000-08ae9000 rw-p 00000000 00:00 0          [stack:4025]
08ae9000-08aec000 ---p 00000000 00:00 0 
08aec000-08b6a000 rw-p 00000000 00:00 0          [stack:4024]
08b6a000-08b6d000 ---p 00000000 00:00 0 
08b6d000-08c33000 rw-p 00000000 00:00 0          [stack:4023]
08c33000-08de0000 r--s 01cde000 08:05 267419     /usr/lib/jvm/java-7-openjdk-i386/jre/lib/rt.jar
08de0000-0e000000 rw-p 00000000 00:00 0 
0e000000-0e0f6000 rw-p 00000000 00:00 0 
0e0f6000-0e100000 ---p 00000000 00:00 0 
0e100000-0e12e000 rw-p 00000000 00:00 0 
0e12e000-0e131000 ---p 00000000 00:00 0 
0e131000-0e17f000 rw-p 00000000 00:00 0          [stack:4022]
0e17f000-0e180000 ---p 00000000 00:00 0 
0e180000-0e200000 rw-p 00000000 00:00 0          [stack:4018]
0e200000-0e221000 rw-p 00000000 00:00 0 
0e221000-0e300000 ---p 00000000 00:00 0 
0e300000-0e321000 rw-p 00000000 00:00 0 
0e321000-0e400000 ---p 00000000 00:00 0 
0e401000-0e42e000 rw-p 00000000 00:00 0 
0e42e000-0e431000 ---p 00000000 00:00 0 
0e431000-0e47f000 rw-p 00000000 00:00 0          [stack:4021]
0e47f000-0e480000 ---p 00000000 00:00 0 
0e480000-0e500000 rw-p 00000000 00:00 0          [stack:4017]
0e500000-0e521000 rw-p 00000000 00:00 0 
0e521000-0e600000 ---p 00000000 00:00 0 
0e601000-0e607000 rw-p 00000000 00:00 0 
0e607000-0e60a000 ---p 00000000 00:00 0 
0e60a000-0e618000 rw-p 00000000 00:00 0          [stack:4030]
0e618000-0e61b000 ---p 00000000 00:00 0 
0e61b000-0e669000 rw-p 00000000 00:00 0          [stack:4020]
0e669000-0e66a000 ---p 00000000 00:00 0 
0e66a000-0e6ea000 rw-p 00000000 00:00 0          [stack:4016]
0e6ea000-0e6eb000 ---p 00000000 00:00 0 
0e6eb000-0e773000 rw-p 00000000 00:00 0          [stack:4015]
0e773000-0e7ab000 rw-p 00000000 00:00 0 
0e7ab000-0eaf5000 rw-p 00000000 00:00 0 
0eaf5000-0eb2d000 rw-p 00000000 00:00 0 
0eb2d000-10010000 rw-p 00000000 00:00 0 
10010000-17010000 rw-p 00000000 00:00 0 
17010000-b3419000 rw-p 00000000 00:00 0 
b3419000-b3422000 rw-p 00000000 00:00 0 
b3422000-b34d9000 rw-p 00000000 00:00 0 
b34d9000-b3719000 rwxp 00000000 00:00 0 
b3719000-b64d9000 rw-p 00000000 00:00 0 
b64d9000-b64e4000 r-xp 00000000 08:05 924662     /lib/i386-linux-gnu/libnss_files-2.15.so
b64e4000-b64e5000 r--p 0000a000 08:05 924662     /lib/i386-linux-gnu/libnss_files-2.15.so
b64e5000-b64e6000 rw-p 0000b000 08:05 924662     /lib/i386-linux-gnu/libnss_files-2.15.so
b64e6000-b64fc000 r-xp 00000000 08:05 918603     /lib/i386-linux-gnu/libnsl-2.15.so
b64fc000-b64fd000 r--p 00015000 08:05 918603     /lib/i386-linux-gnu/libnsl-2.15.so
b64fd000-b64fe000 rw-p 00016000 08:05 918603     /lib/i386-linux-gnu/libnsl-2.15.so
b64fe000-b6500000 rw-p 00000000 00:00 0 
b6500000-b65fc000 rw-p 00000000 00:00 0 
b65fc000-b6600000 ---p 00000000 00:00 0 
b6601000-b6603000 rw-p 00000000 00:00 0 
b6603000-b660d000 r-xp 00000000 08:05 924669     /lib/i386-linux-gnu/libnss_nis-2.15.so
b660d000-b660e000 r--p 00009000 08:05 924669     /lib/i386-linux-gnu/libnss_nis-2.15.so
b660e000-b660f000 rw-p 0000a000 08:05 924669     /lib/i386-linux-gnu/libnss_nis-2.15.so
b660f000-b6616000 r-xp 00000000 08:05 924665     /lib/i386-linux-gnu/libnss_compat-2.15.so
b6616000-b6617000 r--p 00006000 08:05 924665     /lib/i386-linux-gnu/libnss_compat-2.15.so
b6617000-b6618000 rw-p 00007000 08:05 924665     /lib/i386-linux-gnu/libnss_compat-2.15.so
b6619000-b6622000 r--s 000bc000 08:05 271015     /usr/lib/jvm/java-7-openjdk-common/jre/lib/resources.jar
b6622000-b6623000 r--s 0002d000 08:09 442034     /media/stockage/akram/formation_academique/master/application/WekaBayesNetworkJAVA/lib/snowball.jar
b6623000-b6626000 r--s 00032000 08:05 271053     /usr/lib/jvm/java-7-openjdk-common/jre/lib/ext/sunjce_provider.jar
b6626000-b6628000 r--s 00012000 08:05 271056     /usr/lib/jvm/java-7-openjdk-common/jre/lib/ext/zipfs.jar
b6628000-b662a000 r--s 00006000 08:05 131741     /usr/share/java/java-atk-wrapper.jar
b662a000-b662e000 r--s 00085000 08:05 271052     /usr/lib/jvm/java-7-openjdk-common/jre/lib/ext/localedata.jar
b662e000-b662f000 r--s 00002000 08:05 271055     /usr/lib/jvm/java-7-openjdk-common/jre/lib/ext/dnsns.jar
b662f000-b6637000 r-xp 00000000 08:05 268331     /usr/lib/jvm/java-7-openjdk-i386/jre/lib/i386/libzip.so
b6637000-b6638000 r--p 00007000 08:05 268331     /usr/lib/jvm/java-7-openjdk-i386/jre/lib/i386/libzip.so
b6638000-b6639000 rw-p 00008000 08:05 268331     /usr/lib/jvm/java-7-openjdk-i386/jre/lib/i386/libzip.so
b6639000-b6660000 r-xp 00000000 08:05 270910     /usr/lib/jvm/java-7-openjdk-i386/jre/lib/i386/libjava.so
b6660000-b6661000 r--p 00026000 08:05 270910     /usr/lib/jvm/java-7-openjdk-i386/jre/lib/i386/libjava.so
b6661000-b6662000 rw-p 00027000 08:05 270910     /usr/lib/jvm/java-7-openjdk-i386/jre/lib/i386/libjava.so
b6662000-b6669000 r-xp 00000000 08:05 924668     /lib/i386-linux-gnu/librt-2.15.so
b6669000-b666a000 r--p 00006000 08:05 924668     /lib/i386-linux-gnu/librt-2.15.so
b666a000-b666b000 rw-p 00007000 08:05 924668     /lib/i386-linux-gnu/librt-2.15.so
b666b000-b666e000 ---p 00000000 00:00 0 
b666e000-b66bc000 rw-p 00000000 00:00 0          [stack:4011]
b66bc000-b66d8000 r-xp 00000000 08:05 917693     /lib/i386-linux-gnu/libgcc_s.so.1
b66d8000-b66d9000 r--p 0001b000 08:05 917693     /lib/i386-linux-gnu/libgcc_s.so.1
b66d9000-b66da000 rw-p 0001c000 08:05 917693     /lib/i386-linux-gnu/libgcc_s.so.1
b66da000-b6704000 r-xp 00000000 08:05 924664     /lib/i386-linux-gnu/libm-2.15.so
b6704000-b6705000 r--p 00029000 08:05 924664     /lib/i386-linux-gnu/libm-2.15.so
b6705000-b6706000 rw-p 0002a000 08:05 924664     /lib/i386-linux-gnu/libm-2.15.so
b6706000-b67e2000 r-xp 00000000 08:05 1049930    /usr/lib/i386-linux-gnu/libstdc++.so.6.0.17
b67e2000-b67e3000 ---p 000dc000 08:05 1049930    /usr/lib/i386-linux-gnu/libstdc++.so.6.0.17
b67e3000-b67e7000 r--p 000dc000 08:05 1049930    /usr/lib/i386-linux-gnu/libstdc++.so.6.0.17
b67e7000-b67e8000 rw-p 000e0000 08:05 1049930    /usr/lib/i386-linux-gnu/libstdc++.so.6.0.17
b67e8000-b67ef000 rw-p 00000000 00:00 0 
b67ef000-b70e1000 r-xp 00000000 08:05 269934     /usr/lib/jvm/java-7-openjdk-i386/jre/lib/i386/server/libjvm.so
b70e1000-b7128000 r--p 008f1000 08:05 269934     /usr/lib/jvm/java-7-openjdk-i386/jre/lib/i386/server/libjvm.so
b7128000-b713c000 rw-p 00938000 08:05 269934     /usr/lib/jvm/java-7-openjdk-i386/jre/lib/i386/server/libjvm.so
b713c000-b755a000 rw-p 00000000 00:00 0 
b755a000-b7571000 r-xp 00000000 08:05 917549     /lib/i386-linux-gnu/libz.so.1.2.7
b7571000-b7572000 r--p 00016000 08:05 917549     /lib/i386-linux-gnu/libz.so.1.2.7
b7572000-b7573000 rw-p 00017000 08:05 917549     /lib/i386-linux-gnu/libz.so.1.2.7
b7573000-b758a000 r-xp 00000000 08:05 924663     /lib/i386-linux-gnu/libpthread-2.15.so
b758a000-b758b000 r--p 00016000 08:05 924663     /lib/i386-linux-gnu/libpthread-2.15.so
b758b000-b758c000 rw-p 00017000 08:05 924663     /lib/i386-linux-gnu/libpthread-2.15.so
b758c000-b758e000 rw-p 00000000 00:00 0 
b758e000-b7591000 r-xp 00000000 08:05 924656     /lib/i386-linux-gnu/libdl-2.15.so
b7591000-b7592000 r--p 00002000 08:05 924656     /lib/i386-linux-gnu/libdl-2.15.so
b7592000-b7593000 rw-p 00003000 08:05 924656     /lib/i386-linux-gnu/libdl-2.15.so
b7593000-b7736000 r-xp 00000000 08:05 918606     /lib/i386-linux-gnu/libc-2.15.so
b7736000-b7737000 ---p 001a3000 08:05 918606     /lib/i386-linux-gnu/libc-2.15.so
b7737000-b7739000 r--p 001a3000 08:05 918606     /lib/i386-linux-gnu/libc-2.15.so
b7739000-b773a000 rw-p 001a5000 08:05 918606     /lib/i386-linux-gnu/libc-2.15.so
b773a000-b773e000 rw-p 00000000 00:00 0 
b773e000-b7741000 r--s 0003c000 08:05 271016     /usr/lib/jvm/java-7-openjdk-common/jre/lib/ext/sunpkcs11.jar
b7741000-b7744000 r--s 0000f000 08:05 271054     /usr/lib/jvm/java-7-openjdk-common/jre/lib/ext/pulse-java.jar
b7744000-b7745000 r--p 002bc000 08:05 1049856    /usr/lib/locale/locale-archive
b7745000-b774d000 rw-s 00000000 08:05 1208128    /tmp/hsperfdata_akram/4009
b774d000-b774e000 rw-p 00000000 00:00 0 
b774e000-b774f000 ---p 00000000 00:00 0 
b774f000-b775c000 r-xp 00000000 08:05 270014     /usr/lib/jvm/java-7-openjdk-i386/jre/lib/i386/libverify.so
b775c000-b775d000 ---p 0000d000 08:05 270014     /usr/lib/jvm/java-7-openjdk-i386/jre/lib/i386/libverify.so
b775d000-b775e000 r--p 0000d000 08:05 270014     /usr/lib/jvm/java-7-openjdk-i386/jre/lib/i386/libverify.so
b775e000-b775f000 rw-p 0000e000 08:05 270014     /usr/lib/jvm/java-7-openjdk-i386/jre/lib/i386/libverify.so
b775f000-b776c000 r-xp 00000000 08:05 270267     /usr/lib/jvm/java-7-openjdk-i386/jre/lib/i386/jli/libjli.so
b776c000-b776d000 r--p 0000c000 08:05 270267     /usr/lib/jvm/java-7-openjdk-i386/jre/lib/i386/jli/libjli.so
b776d000-b776e000 rw-p 0000d000 08:05 270267     /usr/lib/jvm/java-7-openjdk-i386/jre/lib/i386/jli/libjli.so
b776e000-b7770000 rw-p 00000000 00:00 0 
b7770000-b7771000 r-xp 00000000 00:00 0          [vdso]
b7771000-b7791000 r-xp 00000000 08:05 924667     /lib/i386-linux-gnu/ld-2.15.so
b7791000-b7792000 r--p 0001f000 08:05 924667     /lib/i386-linux-gnu/ld-2.15.so
b7792000-b7793000 rw-p 00020000 08:05 924667     /lib/i386-linux-gnu/ld-2.15.so
b7800000-b78fe000 rw-p 00000000 00:00 0 
b78fe000-b7900000 ---p 00000000 00:00 0 
b7900000-b79fe000 rw-p 00000000 00:00 0 
b79fe000-b7a00000 ---p 00000000 00:00 0 
b7a00000-b7afe000 rw-p 00000000 00:00 0 
b7afe000-b7b00000 ---p 00000000 00:00 0 
b7b00000-b7bfe000 rw-p 00000000 00:00 0 
b7bfe000-b7c00000 ---p 00000000 00:00 0 
b7c00000-b7cfe000 rw-p 00000000 00:00 0 
b7cfe000-b7d00000 ---p 00000000 00:00 0 
b7d00000-b7dfe000 rw-p 00000000 00:00 0 
b7dfe000-b7e00000 ---p 00000000 00:00 0 
b7e00000-b7efe000 rw-p 00000000 00:00 0 
b7efe000-b7f00000 ---p 00000000 00:00 0 
b7f00000-b7ffe000 rw-p 00000000 00:00 0 
b7ffe000-b8000000 ---p 00000000 00:00 0 
b8000000-b80fe000 rw-p 00000000 00:00 0 
b80fe000-b8100000 ---p 00000000 00:00 0 
b8100000-b81fe000 rw-p 00000000 00:00 0 
b81fe000-b8200000 ---p 00000000 00:00 0 
b8200000-b82fe000 rw-p 00000000 00:00 0 
b82fe000-b8300000 ---p 00000000 00:00 0 
b8300000-b83fe000 rw-p 00000000 00:00 0 
b83fe000-b8400000 ---p 00000000 00:00 0 
b8400000-b84fe000 rw-p 00000000 00:00 0 
b84fe000-b8500000 ---p 00000000 00:00 0 
b8500000-b85fe000 rw-p 00000000 00:00 0 
b85fe000-b8600000 ---p 00000000 00:00 0 
b8600000-b86fe000 rw-p 00000000 00:00 0 
b86fe000-b8700000 ---p 00000000 00:00 0 
b8700000-b87fe000 rw-p 00000000 00:00 0 
b87fe000-b8800000 ---p 00000000 00:00 0 
b8800000-b88fe000 rw-p 00000000 00:00 0 
b88fe000-b8900000 ---p 00000000 00:00 0 
b8900000-b89fe000 rw-p 00000000 00:00 0 
b89fe000-b8a00000 ---p 00000000 00:00 0 
b8a00000-b8afe000 rw-p 00000000 00:00 0 
b8afe000-b8b00000 ---p 00000000 00:00 0 
b8b00000-b8bfe000 rw-p 00000000 00:00 0 
b8bfe000-b8c00000 ---p 00000000 00:00 0 
b8c00000-b8cfe000 rw-p 00000000 00:00 0 
b8cfe000-b8d00000 ---p 00000000 00:00 0 
b8d00000-b8dfe000 rw-p 00000000 00:00 0 
b8dfe000-b8e00000 ---p 00000000 00:00 0 
b8e00000-b8efe000 rw-p 00000000 00:00 0 
b8efe000-b8f00000 ---p 00000000 00:00 0 
b8f00000-b8ffe000 rw-p 00000000 00:00 0 
b8ffe000-b9000000 ---p 00000000 00:00 0 
b9000000-b90fe000 rw-p 00000000 00:00 0 
b90fe000-b9100000 ---p 00000000 00:00 0 
b9100000-b91fe000 rw-p 00000000 00:00 0 
b91fe000-b9200000 ---p 00000000 00:00 0 
b9200000-b92fe000 rw-p 00000000 00:00 0 
b92fe000-b9300000 ---p 00000000 00:00 0 
b9300000-b93fe000 rw-p 00000000 00:00 0 
b93fe000-b9400000 ---p 00000000 00:00 0 
b9400000-b94fe000 rw-p 00000000 00:00 0 
b94fe000-b9500000 ---p 00000000 00:00 0 
b9500000-b95fe000 rw-p 00000000 00:00 0 
b95fe000-b9600000 ---p 00000000 00:00 0 
b9600000-b96fe000 rw-p 00000000 00:00 0 
b96fe000-b9700000 ---p 00000000 00:00 0 
b9700000-b97fe000 rw-p 00000000 00:00 0 
b97fe000-b9800000 ---p 00000000 00:00 0 
b9800000-b98fe000 rw-p 00000000 00:00 0 
b98fe000-b9900000 ---p 00000000 00:00 0 
b9900000-b99fe000 rw-p 00000000 00:00 0 
b99fe000-b9a00000 ---p 00000000 00:00 0 
b9a00000-b9afe000 rw-p 00000000 00:00 0 
b9afe000-b9b00000 ---p 00000000 00:00 0 
b9b00000-b9bfe000 rw-p 00000000 00:00 0 
b9bfe000-b9c00000 ---p 00000000 00:00 0 
b9c00000-b9cfe000 rw-p 00000000 00:00 0 
b9cfe000-b9d00000 ---p 00000000 00:00 0 
b9d00000-b9dfe000 rw-p 00000000 00:00 0 
b9dfe000-b9e00000 ---p 00000000 00:00 0 
b9e00000-b9efe000 rw-p 00000000 00:00 0 
b9efe000-b9f00000 ---p 00000000 00:00 0 
b9f00000-b9ffe000 rw-p 00000000 00:00 0 
b9ffe000-ba000000 ---p 00000000 00:00 0 
ba000000-ba0fe000 rw-p 00000000 00:00 0 
ba0fe000-ba100000 ---p 00000000 00:00 0 
ba100000-ba1fe000 rw-p 00000000 00:00 0 
ba1fe000-ba200000 ---p 00000000 00:00 0 
ba200000-ba2fe000 rw-p 00000000 00:00 0 
ba2fe000-ba300000 ---p 00000000 00:00 0 
ba300000-ba3fe000 rw-p 00000000 00:00 0 
ba3fe000-ba400000 ---p 00000000 00:00 0 
ba400000-ba4fe000 rw-p 00000000 00:00 0 
ba4fe000-ba500000 ---p 00000000 00:00 0 
ba500000-ba5fe000 rw-p 00000000 00:00 0 
ba5fe000-ba600000 ---p 00000000 00:00 0 
ba600000-ba6fe000 rw-p 00000000 00:00 0 
ba6fe000-ba700000 ---p 00000000 00:00 0 
ba700000-ba7fe000 rw-p 00000000 00:00 0 
ba7fe000-ba800000 ---p 00000000 00:00 0 
ba800000-ba8fe000 rw-p 00000000 00:00 0 
ba8fe000-ba900000 ---p 00000000 00:00 0 
ba900000-ba9fe000 rw-p 00000000 00:00 0 
ba9fe000-baa00000 ---p 00000000 00:00 0 
baa00000-baafe000 rw-p 00000000 00:00 0 
baafe000-bab00000 ---p 00000000 00:00 0 
bab00000-babfe000 rw-p 00000000 00:00 0 
babfe000-bac00000 ---p 00000000 00:00 0 
bac00000-bacfe000 rw-p 00000000 00:00 0 
bacfe000-bad00000 ---p 00000000 00:00 0 
bad00000-badfe000 rw-p 00000000 00:00 0 
badfe000-bae00000 ---p 00000000 00:00 0 
bae00000-baefe000 rw-p 00000000 00:00 0 
baefe000-baf00000 ---p 00000000 00:00 0 
baf00000-baffe000 rw-p 00000000 00:00 0 
baffe000-bb000000 ---p 00000000 00:00 0 
bb000000-bb0ff000 rw-p 00000000 00:00 0 
bb0ff000-bb100000 ---p 00000000 00:00 0 
bb100000-bb1fe000 rw-p 00000000 00:00 0 
bb1fe000-bb200000 ---p 00000000 00:00 0 
bb200000-bb2fe000 rw-p 00000000 00:00 0 
bb2fe000-bb300000 ---p 00000000 00:00 0 
bb300000-bb3fe000 rw-p 00000000 00:00 0 
bb3fe000-bb400000 ---p 00000000 00:00 0 
bb400000-bb4fe000 rw-p 00000000 00:00 0 
bb4fe000-bb500000 ---p 00000000 00:00 0 
bb500000-bb5fe000 rw-p 00000000 00:00 0 
bb5fe000-bb600000 ---p 00000000 00:00 0 
bb600000-bb6fe000 rw-p 00000000 00:00 0 
bb6fe000-bb700000 ---p 00000000 00:00 0 
bb700000-bb7fe000 rw-p 00000000 00:00 0 
bb7fe000-bb800000 ---p 00000000 00:00 0 
bb800000-bb8fe000 rw-p 00000000 00:00 0 
bb8fe000-bb900000 ---p 00000000 00:00 0 
bb900000-bb9fe000 rw-p 00000000 00:00 0 
bb9fe000-bba00000 ---p 00000000 00:00 0 
bba00000-bbafe000 rw-p 00000000 00:00 0 
bbafe000-bbb00000 ---p 00000000 00:00 0 
bbb00000-bbbfe000 rw-p 00000000 00:00 0 
bbbfe000-bbc00000 ---p 00000000 00:00 0 
bbc00000-bbcfe000 rw-p 00000000 00:00 0 
bbcfe000-bbd00000 ---p 00000000 00:00 0 
bbd00000-bbdf1000 rw-p 00000000 00:00 0 
bbdf1000-bbe00000 ---p 00000000 00:00 0 
bbe00000-bbefe000 rw-p 00000000 00:00 0 
bbefe000-bbf00000 ---p 00000000 00:00 0 
bbf00000-bbffe000 rw-p 00000000 00:00 0 
bbffe000-bc000000 ---p 00000000 00:00 0 
bc000000-bc0fe000 rw-p 00000000 00:00 0 
bc0fe000-bc100000 ---p 00000000 00:00 0 
bc100000-bc1fe000 rw-p 00000000 00:00 0 
bc1fe000-bc200000 ---p 00000000 00:00 0 
bc200000-bc2fe000 rw-p 00000000 00:00 0 
bc2fe000-bc300000 ---p 00000000 00:00 0 
bc300000-bc3fe000 rw-p 00000000 00:00 0 
bc3fe000-bc400000 ---p 00000000 00:00 0 
bc400000-bc4fe000 rw-p 00000000 00:00 0 
bc4fe000-bc500000 ---p 00000000 00:00 0 
bc500000-bc5fe000 rw-p 00000000 00:00 0 
bc5fe000-bc600000 ---p 00000000 00:00 0 
bc600000-bc6fe000 rw-p 00000000 00:00 0 
bc6fe000-bc700000 ---p 00000000 00:00 0 
bc700000-bc7fe000 rw-p 00000000 00:00 0 
bc7fe000-bc800000 ---p 00000000 00:00 0 
bc800000-bc8fe000 rw-p 00000000 00:00 0 
bc8fe000-bc900000 ---p 00000000 00:00 0 
bc900000-bc9fe000 rw-p 00000000 00:00 0 
bc9fe000-bca00000 ---p 00000000 00:00 0 
bca00000-bcafe000 rw-p 00000000 00:00 0 
bcafe000-bcb00000 ---p 00000000 00:00 0 
bcb00000-bcbfe000 rw-p 00000000 00:00 0 
bcbfe000-bcc00000 ---p 00000000 00:00 0 
bcc00000-bccfe000 rw-p 00000000 00:00 0 
bccfe000-bcd00000 ---p 00000000 00:00 0 
bcd00000-bcdfe000 rw-p 00000000 00:00 0 
bcdfe000-bce00000 ---p 00000000 00:00 0 
bce00000-bcefe000 rw-p 00000000 00:00 0 
bcefe000-bcf00000 ---p 00000000 00:00 0 
bcf00000-bcffe000 rw-p 00000000 00:00 0 
bcffe000-bd000000 ---p 00000000 00:00 0 
bd000000-bd0fe000 rw-p 00000000 00:00 0 
bd0fe000-bd100000 ---p 00000000 00:00 0 
bd100000-bd1fe000 rw-p 00000000 00:00 0 
bd1fe000-bd200000 ---p 00000000 00:00 0 
bd200000-bd2fe000 rw-p 00000000 00:00 0 
bd2fe000-bd300000 ---p 00000000 00:00 0 
bd300000-bd3fe000 rw-p 00000000 00:00 0 
bd3fe000-bd400000 ---p 00000000 00:00 0 
bd400000-bd4fe000 rw-p 00000000 00:00 0 
bd4fe000-bd500000 ---p 00000000 00:00 0 
bd500000-bd5fe000 rw-p 00000000 00:00 0 
bd5fe000-bd600000 ---p 00000000 00:00 0 
bd600000-bd6fe000 rw-p 00000000 00:00 0 
bd6fe000-bd700000 ---p 00000000 00:00 0 
bd700000-bd7fe000 rw-p 00000000 00:00 0 
bd7fe000-bd800000 ---p 00000000 00:00 0 
bd800000-bd8fe000 rw-p 00000000 00:00 0 
bd8fe000-bd900000 ---p 00000000 00:00 0 
bd900000-bd9fe000 rw-p 00000000 00:00 0 
bd9fe000-bda00000 ---p 00000000 00:00 0 
bda00000-bdafe000 rw-p 00000000 00:00 0 
bdafe000-bdb00000 ---p 00000000 00:00 0 
bdb00000-bdbfe000 rw-p 00000000 00:00 0 
bdbfe000-bdc00000 ---p 00000000 00:00 0 
bdc00000-bdcfe000 rw-p 00000000 00:00 0 
bdcfe000-bdd00000 ---p 00000000 00:00 0 
bdd00000-bddf6000 rw-p 00000000 00:00 0 
bddf6000-bde00000 ---p 00000000 00:00 0 
bde00000-bdefe000 rw-p 00000000 00:00 0 
bdefe000-bdf00000 ---p 00000000 00:00 0 
bdf00000-bdffe000 rw-p 00000000 00:00 0 
bdffe000-be000000 ---p 00000000 00:00 0 
be000000-be0fe000 rw-p 00000000 00:00 0 
be0fe000-be100000 ---p 00000000 00:00 0 
be100000-be1fe000 rw-p 00000000 00:00 0 
be1fe000-be200000 ---p 00000000 00:00 0 
be200000-be2fe000 rw-p 00000000 00:00 0 
be2fe000-be300000 ---p 00000000 00:00 0 
be300000-be3fe000 rw-p 00000000 00:00 0 
be3fe000-be400000 ---p 00000000 00:00 0 
be400000-be4fe000 rw-p 00000000 00:00 0 
be4fe000-be500000 ---p 00000000 00:00 0 
be500000-be5ef000 rw-p 00000000 00:00 0 
be5ef000-be600000 ---p 00000000 00:00 0 
be600000-be6d7000 rw-p 00000000 00:00 0 
be6d7000-be700000 ---p 00000000 00:00 0 
be700000-be7fe000 rw-p 00000000 00:00 0 
be7fe000-be800000 ---p 00000000 00:00 0 
be800000-be8fe000 rw-p 00000000 00:00 0 
be8fe000-be900000 ---p 00000000 00:00 0 
be900000-be9fe000 rw-p 00000000 00:00 0 
be9fe000-bea00000 ---p 00000000 00:00 0 
bea00000-beafe000 rw-p 00000000 00:00 0 
beafe000-beb00000 ---p 00000000 00:00 0 
beb00000-bebfe000 rw-p 00000000 00:00 0 
bebfe000-bec00000 ---p 00000000 00:00 0 
bec00000-becfe000 rw-p 00000000 00:00 0 
becfe000-bed00000 ---p 00000000 00:00 0 
bed00000-bedfe000 rw-p 00000000 00:00 0 
bedfe000-bee00000 ---p 00000000 00:00 0 
bee00000-beefe000 rw-p 00000000 00:00 0 
beefe000-bef00000 ---p 00000000 00:00 0 
bef00000-befff000 rw-p 00000000 00:00 0 
befff000-bf000000 ---p 00000000 00:00 0 
bf000000-bf0fe000 rw-p 00000000 00:00 0 
bf0fe000-bf100000 ---p 00000000 00:00 0 
bf100000-bf1fe000 rw-p 00000000 00:00 0 
bf1fe000-bf200000 ---p 00000000 00:00 0 
bf200000-bf2fe000 rw-p 00000000 00:00 0 
bf2fe000-bf300000 ---p 00000000 00:00 0 
bf300000-bf3fe000 rw-p 00000000 00:00 0 
bf3fe000-bf400000 ---p 00000000 00:00 0 
bf400000-bf4fe000 rw-p 00000000 00:00 0 
bf4fe000-bf500000 ---p 00000000 00:00 0 
bf500000-bf5fe000 rw-p 00000000 00:00 0 
bf5fe000-bf600000 ---p 00000000 00:00 0 
bf600000-bf6fe000 rw-p 00000000 00:00 0 
bf6fe000-bf700000 ---p 00000000 00:00 0 
bf700000-bf7fe000 rw-p 00000000 00:00 0 
bf7fe000-bf800000 ---p 00000000 00:00 0 
bf800000-bf8fe000 rw-p 00000000 00:00 0 
bf8fe000-bf900000 ---p 00000000 00:00 0 
bf900000-bf9fe000 rw-p 00000000 00:00 0 
bf9fe000-bfa00000 ---p 00000000 00:00 0 
bfa00000-bfafe000 rw-p 00000000 00:00 0 
bfafe000-bfb00000 ---p 00000000 00:00 0 
bfb00000-bfbfe000 rw-p 00000000 00:00 0 
bfbfe000-bfc00000 ---p 00000000 00:00 0 
bfc00000-bfcfe000 rw-p 00000000 00:00 0 
bfcfe000-bfd00000 ---p 00000000 00:00 0 
bfd00000-bfdff000 rw-p 00000000 00:00 0 
bfdff000-bfe00000 ---p 00000000 00:00 0 
bfe00000-bfe78000 rw-p 00000000 00:00 0 
bfeaf000-bfed0000 rw-p 00000000 00:00 0          [stack]
bfed0000-bffd0000 rw-p 00000000 00:00 0 

VM Arguments:
jvm_args: -Dfile.encoding=UTF-8 -Xmx2500M -Xms2500M 
java_command: wekabayesnetwork.Main
Launcher Type: SUN_STANDARD

Environment Variables:
CLASSPATH=/media/stockage/machine_translation/tools/weka-3-6-5/weka.jar
PATH=/usr/lib/jvm/java-7-openjdk-i386/bin:/opt/apache-maven-3.0.4/bin:/opt/lampp/bin:/opt/lampp/htdocs/Symfony/vendor/phpunit/phpunit/composer/bin:/usr/lib/lightdm/lightdm:/usr/local/sbin:/usr/local/bin:/usr/sbin:/usr/bin:/sbin:/bin:/usr/games:/usr/local/games
SHELL=/bin/bash
DISPLAY=:0.0

Signal Handlers:
SIGSEGV: [libjvm.so+0x756e80], sa_mask[0]=0x7ffbfeff, sa_flags=0x10000004
SIGBUS: [libjvm.so+0x756e80], sa_mask[0]=0x7ffbfeff, sa_flags=0x10000004
SIGFPE: [libjvm.so+0x5f3c70], sa_mask[0]=0x7ffbfeff, sa_flags=0x10000004
SIGPIPE: [libjvm.so+0x5f3c70], sa_mask[0]=0x7ffbfeff, sa_flags=0x10000004
SIGXFSZ: [libjvm.so+0x5f3c70], sa_mask[0]=0x7ffbfeff, sa_flags=0x10000004
SIGILL: [libjvm.so+0x5f3c70], sa_mask[0]=0x7ffbfeff, sa_flags=0x10000004
SIGUSR1: SIG_DFL, sa_mask[0]=0x00000000, sa_flags=0x00000000
SIGUSR2: [libjvm.so+0x5f3b20], sa_mask[0]=0x00000004, sa_flags=0x10000004
SIGHUP: [libjvm.so+0x5f40b0], sa_mask[0]=0x7ffbfeff, sa_flags=0x10000004
SIGINT: SIG_IGN, sa_mask[0]=0x00000000, sa_flags=0x00000000
SIGTERM: [libjvm.so+0x5f40b0], sa_mask[0]=0x7ffbfeff, sa_flags=0x10000004
SIGQUIT: [libjvm.so+0x5f40b0], sa_mask[0]=0x7ffbfeff, sa_flags=0x10000004


---------------  S Y S T E M  ---------------

OS:Ubuntu 12.10 (quantal)
uname:Linux 3.5.0-34-generic #55-Ubuntu SMP Thu Jun 6 20:20:19 UTC 2013 i686
libc:glibc 2.15 NPTL 2.15 
rlimit: STACK 8192k, CORE 0k, NPROC 31577, NOFILE 4096, AS infinity
load average:0,31 0,37 0,40

/proc/meminfo:
MemTotal:        4057628 kB
MemFree:          955984 kB
Buffers:          195408 kB
Cached:           910036 kB
SwapCached:            0 kB
Active:          2107340 kB
Inactive:         844468 kB
Active(anon):    1853596 kB
Inactive(anon):     6996 kB
Active(file):     253744 kB
Inactive(file):   837472 kB
Unevictable:       31200 kB
Mlocked:           31200 kB
HighTotal:       3206416 kB
HighFree:         391368 kB
LowTotal:         851212 kB
LowFree:          564616 kB
SwapTotal:       1951740 kB
SwapFree:        1951740 kB
Dirty:             11120 kB
Writeback:             0 kB
AnonPages:       1878016 kB
Mapped:           164544 kB
Shmem:              8004 kB
Slab:              64208 kB
SReclaimable:      44136 kB
SUnreclaim:        20072 kB
KernelStack:        4240 kB
PageTables:        11500 kB
NFS_Unstable:          0 kB
Bounce:                0 kB
WritebackTmp:          0 kB
CommitLimit:     3980552 kB
Committed_AS:    6601028 kB
VmallocTotal:     122880 kB
VmallocUsed:       51436 kB
VmallocChunk:      62964 kB
HardwareCorrupted:     0 kB
AnonHugePages:         0 kB
HugePages_Total:       0
HugePages_Free:        0
HugePages_Rsvd:        0
HugePages_Surp:        0
Hugepagesize:       2048 kB
DirectMap4k:       83960 kB
DirectMap2M:      829440 kB


CPU:total 4 (2 cores per cpu, 2 threads per core) family 6 model 37 stepping 2, cmov, cx8, fxsr, mmx, sse, sse2, sse3, ssse3, sse4.1, sse4.2, popcnt, ht, tsc, tscinvbit

/proc/cpuinfo:
processor	: 0
vendor_id	: GenuineIntel
cpu family	: 6
model		: 37
model name	: Intel(R) Core(TM) i5 CPU       M 430  @ 2.27GHz
stepping	: 2
microcode	: 0x9
cpu MHz		: 1199.000
cache size	: 3072 KB
physical id	: 0
siblings	: 4
core id		: 0
cpu cores	: 2
apicid		: 0
initial apicid	: 0
fdiv_bug	: no
hlt_bug		: no
f00f_bug	: no
coma_bug	: no
fpu		: yes
fpu_exception	: yes
cpuid level	: 11
wp		: yes
flags		: fpu vme de pse tsc msr pae mce cx8 apic sep mtrr pge mca cmov pat pse36 clflush dts acpi mmx fxsr sse sse2 ss ht tm pbe nx rdtscp lm constant_tsc arch_perfmon pebs bts xtopology nonstop_tsc aperfmperf pni dtes64 monitor ds_cpl vmx est tm2 ssse3 cx16 xtpr pdcm sse4_1 sse4_2 popcnt lahf_lm ida arat dtherm tpr_shadow vnmi flexpriority ept vpid
bogomips	: 4522.43
clflush size	: 64
cache_alignment	: 64
address sizes	: 36 bits physical, 48 bits virtual
power management:

processor	: 1
vendor_id	: GenuineIntel
cpu family	: 6
model		: 37
model name	: Intel(R) Core(TM) i5 CPU       M 430  @ 2.27GHz
stepping	: 2
microcode	: 0x9
cpu MHz		: 1199.000
cache size	: 3072 KB
physical id	: 0
siblings	: 4
core id		: 0
cpu cores	: 2
apicid		: 1
initial apicid	: 1
fdiv_bug	: no
hlt_bug		: no
f00f_bug	: no
coma_bug	: no
fpu		: yes
fpu_exception	: yes
cpuid level	: 11
wp		: yes
flags		: fpu vme de pse tsc msr pae mce cx8 apic sep mtrr pge mca cmov pat pse36 clflush dts acpi mmx fxsr sse sse2 ss ht tm pbe nx rdtscp lm constant_tsc arch_perfmon pebs bts xtopology nonstop_tsc aperfmperf pni dtes64 monitor ds_cpl vmx est tm2 ssse3 cx16 xtpr pdcm sse4_1 sse4_2 popcnt lahf_lm ida arat dtherm tpr_shadow vnmi flexpriority ept vpid
bogomips	: 4522.43
clflush size	: 64
cache_alignment	: 64
address sizes	: 36 bits physical, 48 bits virtual
power management:

processor	: 2
vendor_id	: GenuineIntel
cpu family	: 6
model		: 37
model name	: Intel(R) Core(TM) i5 CPU       M 430  @ 2.27GHz
stepping	: 2
microcode	: 0x9
cpu MHz		: 1199.000
cache size	: 3072 KB
physical id	: 0
siblings	: 4
core id		: 2
cpu cores	: 2
apicid		: 4
initial apicid	: 4
fdiv_bug	: no
hlt_bug		: no
f00f_bug	: no
coma_bug	: no
fpu		: yes
fpu_exception	: yes
cpuid level	: 11
wp		: yes
flags		: fpu vme de pse tsc msr pae mce cx8 apic sep mtrr pge mca cmov pat pse36 clflush dts acpi mmx fxsr sse sse2 ss ht tm pbe nx rdtscp lm constant_tsc arch_perfmon pebs bts xtopology nonstop_tsc aperfmperf pni dtes64 monitor ds_cpl vmx est tm2 ssse3 cx16 xtpr pdcm sse4_1 sse4_2 popcnt lahf_lm ida arat dtherm tpr_shadow vnmi flexpriority ept vpid
bogomips	: 4522.43
clflush size	: 64
cache_alignment	: 64
address sizes	: 36 bits physical, 48 bits virtual
power management:

processor	: 3
vendor_id	: GenuineIntel
cpu family	: 6
model		: 37
model name	: Intel(R) Core(TM) i5 CPU       M 430  @ 2.27GHz
stepping	: 2
microcode	: 0x9
cpu MHz		: 1199.000
cache size	: 3072 KB
physical id	: 0
siblings	: 4
core id		: 2
cpu cores	: 2
apicid		: 5
initial apicid	: 5
fdiv_bug	: no
hlt_bug		: no
f00f_bug	: no
coma_bug	: no
fpu		: yes
fpu_exception	: yes
cpuid level	: 11
wp		: yes
flags		: fpu vme de pse tsc msr pae mce cx8 apic sep mtrr pge mca cmov pat pse36 clflush dts acpi mmx fxsr sse sse2 ss ht tm pbe nx rdtscp lm constant_tsc arch_perfmon pebs bts xtopology nonstop_tsc aperfmperf pni dtes64 monitor ds_cpl vmx est tm2 ssse3 cx16 xtpr pdcm sse4_1 sse4_2 popcnt lahf_lm ida arat dtherm tpr_shadow vnmi flexpriority ept vpid
bogomips	: 4522.43
clflush size	: 64
cache_alignment	: 64
address sizes	: 36 bits physical, 48 bits virtual
power management:



Memory: 4k page, physical 4057628k(955984k free), swap 1951740k(1951740k free)

vm_info: OpenJDK Server VM (23.7-b01) for linux-x86 JRE (1.7.0_21-b02), built on Apr 22 2013 22:34:21 by "buildd" with gcc 4.7.2

time: Wed Jun 19 22:40:58 2013
elapsed time: 4 seconds

